
Gurobi 10.0.1 (linux64, gurobi_cl) logging started Mon May 22 16:15:43 2023

Set parameter Username
Set parameter LogFile to value "gurobi.log"

Gurobi 10.0.1 (linux64, Python) logging started Mon May 22 16:19:54 2023

Set parameter Username
Set parameter LogFile to value "gurobi.log"

Gurobi 10.0.1 (linux64, gurobi_cl) logging started Mon May 22 16:28:06 2023

Set parameter Username
Set parameter LogFile to value "gurobi.log"
Academic license - for non-commercial use only - expires 2024-05-21
Using license file /home/apieruzzi/gurobi.lic

Gurobi 10.0.1 (linux64, gurobi_cl) logging started Mon May 22 16:44:14 2023

Set parameter Username
Set parameter LogFile to value "gurobi.log"
Academic license - for non-commercial use only - expires 2024-05-21
Using license file /home/apieruzzi/gurobi.lic

Gurobi 10.0.1 (linux64, gurobi_cl) logging started Tue May 23 09:41:52 2023

Set parameter Username
Set parameter LogFile to value "gurobi.log"

Gurobi 10.0.1 (linux64, Python) logging started Tue May 23 09:52:53 2023

Set parameter Username
Set parameter LogFile to value "gurobi.log"
Academic license - for non-commercial use only - expires 2024-05-22

Gurobi 10.0.1 (linux64, gurobi_cl) logging started Tue May 23 09:53:00 2023

Set parameter Username
Set parameter LogFile to value "gurobi.log"
Academic license - for non-commercial use only - expires 2024-05-22
Using license file /home/apieruzzi/gurobi.lic

Gurobi 10.0.1 (linux64, gurobi_cl) logging started Tue May 23 10:36:38 2023

Set parameter Username
Set parameter LogFile to value "gurobi.log"
Academic license - for non-commercial use only - expires 2024-05-22
Using license file /home/apieruzzi/gurobi.lic

Gurobi 10.0.1 (linux64, gurobi_cl) logging started Tue May 23 13:20:41 2023

Set parameter WLSAccessID
Set parameter WLSSecret
Set parameter LicenseID to value 2380096
Set parameter LogFile to value "gurobi.log"
Academic license - for non-commercial use only - registered to a.e.pieruzzi@student.tudelft.nl
Using license file /home/apieruzzi/gurobi.lic

Gurobi 10.0.1 (linux64, gurobi_cl) logging started Tue May 23 14:45:37 2023

Set parameter WLSAccessID
Set parameter WLSSecret
Set parameter LicenseID to value 2380096
Set parameter LogFile to value "gurobi.log"
Academic license - for non-commercial use only - registered to a.e.pieruzzi@student.tudelft.nl
Using license file /home/apieruzzi/gurobi.lic

Gurobi 10.0.1 (linux64, gurobi_cl) logging started Tue May 23 16:04:03 2023

Set parameter WLSAccessID
Set parameter WLSSecret
Set parameter LicenseID to value 2380096
Set parameter LogFile to value "gurobi.log"
Academic license - for non-commercial use only - registered to a.e.pieruzzi@student.tudelft.nl
Using license file /home/apieruzzi/gurobi.lic

Gurobi 10.0.1 (linux64, gurobi_cl) logging started Thu May 25 10:44:07 2023

Set parameter WLSAccessID
Set parameter WLSSecret
Set parameter LicenseID to value 2380096
Set parameter LogFile to value "gurobi.log"
Academic license - for non-commercial use only - registered to a.e.pieruzzi@student.tudelft.nl
Using license file /home/apieruzzi/gurobi.lic

Gurobi 10.0.1 (linux64, gurobi_cl) logging started Thu May 25 11:25:51 2023

Set parameter WLSAccessID
Set parameter WLSSecret
Set parameter LicenseID to value 2380096
Set parameter LogFile to value "gurobi.log"
Academic license - for non-commercial use only - registered to a.e.pieruzzi@student.tudelft.nl
Using license file /home/apieruzzi/gurobi.lic

Gurobi 10.0.1 (linux64, gurobi_cl) logging started Thu May 25 11:33:41 2023

Set parameter WLSAccessID
Set parameter WLSSecret
Set parameter LicenseID to value 2380096
Set parameter LogFile to value "gurobi.log"
Academic license - for non-commercial use only - registered to a.e.pieruzzi@student.tudelft.nl
Using license file /home/apieruzzi/gurobi.lic

Gurobi 10.0.1 (linux64, gurobi_cl) logging started Fri Jun 16 12:27:47 2023

Set parameter WLSAccessID
Set parameter WLSSecret
Set parameter LicenseID to value 2380096
Set parameter LogFile to value "gurobi.log"
Academic license - for non-commercial use only - registered to a.e.pieruzzi@student.tudelft.nl
Using license file /home/apieruzzi/gurobi.lic

Gurobi 10.0.1 (linux64, gurobi_cl) logging started Fri Jun 16 12:28:47 2023

Set parameter WLSAccessID
Set parameter WLSSecret
Set parameter LicenseID to value 2380096
Set parameter LogFile to value "gurobi.log"
Academic license - for non-commercial use only - registered to a.e.pieruzzi@student.tudelft.nl
Using license file /home/apieruzzi/gurobi.lic

Gurobi 10.0.1 (linux64, gurobi_cl) logging started Fri Jun 16 12:29:45 2023

Set parameter WLSAccessID
Set parameter WLSSecret
Set parameter LicenseID to value 2380096
Set parameter LogFile to value "gurobi.log"
Academic license - for non-commercial use only - registered to a.e.pieruzzi@student.tudelft.nl
Using license file /home/apieruzzi/gurobi.lic

Gurobi 10.0.1 (linux64, gurobi_cl) logging started Fri Jun 16 13:24:14 2023

Set parameter WLSAccessID
Set parameter WLSSecret
Set parameter LicenseID to value 2380096
Set parameter LogFile to value "gurobi.log"
Academic license - for non-commercial use only - registered to a.e.pieruzzi@student.tudelft.nl
Using license file /home/apieruzzi/gurobi.lic

Gurobi 10.0.1 (linux64, gurobi_cl) logging started Mon Jun 19 15:33:13 2023

Set parameter WLSAccessID
Set parameter WLSSecret
Set parameter LicenseID to value 2380096
Set parameter LogFile to value "gurobi.log"
Academic license - for non-commercial use only - registered to a.e.pieruzzi@student.tudelft.nl
Using license file /home/apieruzzi/gurobi.lic

Gurobi 10.0.1 (linux64, gurobi_cl) logging started Mon Jun 19 16:08:24 2023

Set parameter WLSAccessID
Set parameter WLSSecret
Set parameter LicenseID to value 2380096
Set parameter LogFile to value "gurobi.log"
Academic license - for non-commercial use only - registered to a.e.pieruzzi@student.tudelft.nl
Using license file /home/apieruzzi/gurobi.lic

Gurobi 10.0.1 (linux64, gurobi_cl) logging started Tue Jun 20 15:03:51 2023

Set parameter WLSAccessID
Set parameter WLSSecret
Set parameter LicenseID to value 2380096
Set parameter LogFile to value "gurobi.log"
Academic license - for non-commercial use only - registered to a.e.pieruzzi@student.tudelft.nl
Using license file /home/apieruzzi/gurobi.lic

Gurobi 10.0.1 (linux64, gurobi_cl) logging started Tue Jun 20 15:17:04 2023

Set parameter WLSAccessID
Set parameter WLSSecret
Set parameter LicenseID to value 2380096
Set parameter LogFile to value "gurobi.log"
Academic license - for non-commercial use only - registered to a.e.pieruzzi@student.tudelft.nl
Using license file /home/apieruzzi/gurobi.lic

Gurobi 10.0.1 (linux64, gurobi_cl) logging started Tue Jun 27 18:13:53 2023

Set parameter WLSAccessID
Set parameter WLSSecret
Set parameter LicenseID to value 2380096
Set parameter LogFile to value "gurobi.log"
Academic license - for non-commercial use only - registered to a.e.pieruzzi@student.tudelft.nl
Using license file /home/apieruzzi/gurobi.lic

Gurobi 10.0.1 (linux64, gurobi_cl) logging started Tue Jun 27 18:24:05 2023

Set parameter WLSAccessID
Set parameter WLSSecret
Set parameter LicenseID to value 2380096
Set parameter LogFile to value "gurobi.log"
Academic license - for non-commercial use only - registered to a.e.pieruzzi@student.tudelft.nl
Using license file /home/apieruzzi/gurobi.lic

Gurobi 10.0.1 (linux64, gurobi_cl) logging started Tue Jun 27 18:33:50 2023

Set parameter WLSAccessID
Set parameter WLSSecret
Set parameter LicenseID to value 2380096
Set parameter LogFile to value "gurobi.log"
Academic license - for non-commercial use only - registered to a.e.pieruzzi@student.tudelft.nl
Using license file /home/apieruzzi/gurobi.lic

Gurobi 10.0.1 (linux64, gurobi_cl) logging started Tue Jun 27 19:50:53 2023

Set parameter WLSAccessID
Set parameter WLSSecret
Set parameter LicenseID to value 2380096
Set parameter LogFile to value "gurobi.log"

Gurobi 10.0.1 (linux64, gurobi_cl) logging started Tue Aug 22 11:16:13 2023

Set parameter WLSAccessID
Set parameter WLSSecret
Set parameter LicenseID to value 2380096
Set parameter LogFile to value "gurobi.log"

Gurobi 10.0.1 (linux64, gurobi_cl) logging started Tue Aug 22 11:26:55 2023

Set parameter WLSAccessID
Set parameter WLSSecret
Set parameter LicenseID to value 2380096
Set parameter LogFile to value "gurobi.log"

Gurobi 10.0.1 (linux64, gurobi_cl) logging started Tue Aug 22 11:44:24 2023

Set parameter WLSAccessID
Set parameter WLSSecret
Set parameter LicenseID to value 2380096
Set parameter LogFile to value "gurobi.log"

Gurobi 10.0.1 (linux64, gurobi_cl) logging started Tue Aug 22 11:45:51 2023

Set parameter WLSAccessID
Set parameter WLSSecret
Set parameter LicenseID to value 2380096
Set parameter LogFile to value "gurobi.log"

Gurobi 10.0.1 (linux64, gurobi_cl) logging started Tue Aug 22 12:46:34 2023

Set parameter WLSAccessID
Set parameter WLSSecret
Set parameter LicenseID to value 2380096
Set parameter LogFile to value "gurobi.log"
Academic license - for non-commercial use only - registered to a.e.pieruzzi@student.tudelft.nl
Using license file /home/apieruzzi/gurobi.lic

Gurobi 10.0.1 (linux64, gurobi_cl) logging started Tue Aug 22 13:04:51 2023

Set parameter WLSAccessID
Set parameter WLSSecret
Set parameter LicenseID to value 2380096
Set parameter LogFile to value "gurobi.log"
Academic license - for non-commercial use only - registered to a.e.pieruzzi@student.tudelft.nl
Using license file /home/apieruzzi/gurobi.lic

Gurobi 10.0.1 (linux64, gurobi_cl) logging started Tue Aug 22 13:05:43 2023

Set parameter WLSAccessID
Set parameter WLSSecret
Set parameter LicenseID to value 2380096
Set parameter LogFile to value "gurobi.log"
Academic license - for non-commercial use only - registered to a.e.pieruzzi@student.tudelft.nl
Using license file /home/apieruzzi/gurobi.lic

Gurobi 10.0.1 (linux64, gurobi_cl) logging started Tue Aug 22 13:57:06 2023

Set parameter WLSAccessID
Set parameter WLSSecret
Set parameter LicenseID to value 2380096
Set parameter LogFile to value "gurobi.log"
Academic license - for non-commercial use only - registered to a.e.pieruzzi@student.tudelft.nl
Using license file /home/apieruzzi/gurobi.lic

Gurobi 10.0.1 (linux64, gurobi_cl) logging started Tue Aug 22 14:09:17 2023

Set parameter WLSAccessID
Set parameter WLSSecret
Set parameter LicenseID to value 2380096
Set parameter LogFile to value "gurobi.log"
Academic license - for non-commercial use only - registered to a.e.pieruzzi@student.tudelft.nl
Using license file /home/apieruzzi/gurobi.lic

Gurobi 10.0.1 (linux64, gurobi_cl) logging started Wed Aug 23 16:23:29 2023

Set parameter WLSAccessID
Set parameter WLSSecret
Set parameter LicenseID to value 2380096
Set parameter LogFile to value "gurobi.log"
Academic license - for non-commercial use only - registered to a.e.pieruzzi@student.tudelft.nl
Using license file /home/apieruzzi/gurobi.lic

Gurobi 10.0.1 (linux64, gurobi_cl) logging started Wed Aug 23 16:24:11 2023

Set parameter WLSAccessID
Set parameter WLSSecret
Set parameter LicenseID to value 2380096
Set parameter LogFile to value "gurobi.log"
Academic license - for non-commercial use only - registered to a.e.pieruzzi@student.tudelft.nl
Using license file /home/apieruzzi/gurobi.lic

Gurobi 10.0.1 (linux64, gurobi_cl) logging started Wed Aug 23 16:30:46 2023

Set parameter WLSAccessID
Set parameter WLSSecret
Set parameter LicenseID to value 2380096
Set parameter LogFile to value "gurobi.log"
Academic license - for non-commercial use only - registered to a.e.pieruzzi@student.tudelft.nl
Using license file /home/apieruzzi/gurobi.lic

Gurobi 10.0.1 (linux64, gurobi_cl) logging started Wed Aug 23 16:47:27 2023

Set parameter WLSAccessID
Set parameter WLSSecret
Set parameter LicenseID to value 2380096
Set parameter LogFile to value "gurobi.log"
Academic license - for non-commercial use only - registered to a.e.pieruzzi@student.tudelft.nl
Using license file /home/apieruzzi/gurobi.lic

Gurobi 10.0.1 (linux64, gurobi_cl) logging started Wed Aug 23 16:53:53 2023

Set parameter WLSAccessID
Set parameter WLSSecret
Set parameter LicenseID to value 2380096
Set parameter LogFile to value "gurobi.log"
Academic license - for non-commercial use only - registered to a.e.pieruzzi@student.tudelft.nl
Using license file /home/apieruzzi/gurobi.lic

Gurobi 10.0.1 (linux64, gurobi_cl) logging started Wed Aug 23 16:57:42 2023

Set parameter WLSAccessID
Set parameter WLSSecret
Set parameter LicenseID to value 2380096
Set parameter LogFile to value "gurobi.log"
Academic license - for non-commercial use only - registered to a.e.pieruzzi@student.tudelft.nl
Using license file /home/apieruzzi/gurobi.lic

Gurobi 10.0.1 (linux64, gurobi_cl) logging started Wed Aug 23 16:58:42 2023

Set parameter WLSAccessID
Set parameter WLSSecret
Set parameter LicenseID to value 2380096
Set parameter LogFile to value "gurobi.log"
Academic license - for non-commercial use only - registered to a.e.pieruzzi@student.tudelft.nl
Using license file /home/apieruzzi/gurobi.lic

Gurobi 10.0.1 (linux64, gurobi_cl) logging started Wed Aug 23 17:10:02 2023

Set parameter WLSAccessID
Set parameter WLSSecret
Set parameter LicenseID to value 2380096
Set parameter LogFile to value "gurobi.log"
Academic license - for non-commercial use only - registered to a.e.pieruzzi@student.tudelft.nl
Using license file /home/apieruzzi/gurobi.lic

Gurobi 10.0.1 (linux64, gurobi_cl) logging started Wed Aug 23 17:19:58 2023

Set parameter WLSAccessID
Set parameter WLSSecret
Set parameter LicenseID to value 2380096
Set parameter LogFile to value "gurobi.log"
Academic license - for non-commercial use only - registered to a.e.pieruzzi@student.tudelft.nl
Using license file /home/apieruzzi/gurobi.lic

Gurobi 10.0.1 (linux64, gurobi_cl) logging started Wed Aug 23 17:27:13 2023

Set parameter WLSAccessID
Set parameter WLSSecret
Set parameter LicenseID to value 2380096
Set parameter LogFile to value "gurobi.log"
Academic license - for non-commercial use only - registered to a.e.pieruzzi@student.tudelft.nl
Using license file /home/apieruzzi/gurobi.lic

Gurobi 10.0.1 (linux64, gurobi_cl) logging started Thu Aug 24 09:07:35 2023

Set parameter WLSAccessID
Set parameter WLSSecret
Set parameter LicenseID to value 2380096
Set parameter LogFile to value "gurobi.log"
Academic license - for non-commercial use only - registered to a.e.pieruzzi@student.tudelft.nl
Using license file /home/apieruzzi/gurobi.lic

Gurobi 10.0.1 (linux64, gurobi_cl) logging started Thu Aug 24 09:38:15 2023

Set parameter WLSAccessID
Set parameter WLSSecret
Set parameter LicenseID to value 2380096
Set parameter LogFile to value "gurobi.log"
Academic license - for non-commercial use only - registered to a.e.pieruzzi@student.tudelft.nl
Using license file /home/apieruzzi/gurobi.lic

Gurobi 10.0.1 (linux64, gurobi_cl) logging started Thu Aug 24 12:29:49 2023

Set parameter WLSAccessID
Set parameter WLSSecret
Set parameter LicenseID to value 2380096
Set parameter LogFile to value "gurobi.log"
Academic license - for non-commercial use only - registered to a.e.pieruzzi@student.tudelft.nl
Using license file /home/apieruzzi/gurobi.lic

Gurobi 10.0.1 (linux64, gurobi_cl) logging started Thu Aug 24 16:41:28 2023

Set parameter WLSAccessID
Set parameter WLSSecret
Set parameter LicenseID to value 2380096
Set parameter LogFile to value "gurobi.log"
Academic license - for non-commercial use only - registered to a.e.pieruzzi@student.tudelft.nl
Using license file /home/apieruzzi/gurobi.lic

Gurobi 10.0.1 (linux64, gurobi_cl) logging started Thu Aug 24 17:24:40 2023

Set parameter WLSAccessID
Set parameter WLSSecret
Set parameter LicenseID to value 2380096
Set parameter LogFile to value "gurobi.log"
Academic license - for non-commercial use only - registered to a.e.pieruzzi@student.tudelft.nl
Using license file /home/apieruzzi/gurobi.lic

Gurobi 10.0.1 (linux64, gurobi_cl) logging started Thu Aug 24 17:41:39 2023

Set parameter WLSAccessID
Set parameter WLSSecret
Set parameter LicenseID to value 2380096
Set parameter LogFile to value "gurobi.log"
Academic license - for non-commercial use only - registered to a.e.pieruzzi@student.tudelft.nl
Using license file /home/apieruzzi/gurobi.lic

Gurobi 10.0.1 (linux64, gurobi_cl) logging started Fri Aug 25 09:39:29 2023

Set parameter WLSAccessID
Set parameter WLSSecret
Set parameter LicenseID to value 2380096
Set parameter LogFile to value "gurobi.log"
Academic license - for non-commercial use only - registered to a.e.pieruzzi@student.tudelft.nl
Using license file /home/apieruzzi/gurobi.lic

Gurobi 10.0.1 (linux64, gurobi_cl) logging started Fri Aug 25 09:59:44 2023

Set parameter WLSAccessID
Set parameter WLSSecret
Set parameter LicenseID to value 2380096
Set parameter LogFile to value "gurobi.log"
Academic license - for non-commercial use only - registered to a.e.pieruzzi@student.tudelft.nl
Using license file /home/apieruzzi/gurobi.lic

Gurobi 10.0.1 (linux64, gurobi_cl) logging started Fri Aug 25 10:02:29 2023

Set parameter WLSAccessID
Set parameter WLSSecret
Set parameter LicenseID to value 2380096
Set parameter LogFile to value "gurobi.log"
Academic license - for non-commercial use only - registered to a.e.pieruzzi@student.tudelft.nl
Using license file /home/apieruzzi/gurobi.lic

Gurobi 10.0.1 (linux64, gurobi_cl) logging started Fri Aug 25 10:04:23 2023

Set parameter WLSAccessID
Set parameter WLSSecret
Set parameter LicenseID to value 2380096
Set parameter LogFile to value "gurobi.log"
Academic license - for non-commercial use only - registered to a.e.pieruzzi@student.tudelft.nl
Using license file /home/apieruzzi/gurobi.lic

Gurobi 10.0.1 (linux64, gurobi_cl) logging started Fri Aug 25 10:07:54 2023

Set parameter WLSAccessID
Set parameter WLSSecret
Set parameter LicenseID to value 2380096
Set parameter LogFile to value "gurobi.log"
Academic license - for non-commercial use only - registered to a.e.pieruzzi@student.tudelft.nl
Using license file /home/apieruzzi/gurobi.lic

Gurobi 10.0.1 (linux64, gurobi_cl) logging started Fri Aug 25 10:19:04 2023

Set parameter WLSAccessID
Set parameter WLSSecret
Set parameter LicenseID to value 2380096
Set parameter LogFile to value "gurobi.log"
Academic license - for non-commercial use only - registered to a.e.pieruzzi@student.tudelft.nl
Using license file /home/apieruzzi/gurobi.lic

Gurobi 10.0.1 (linux64, gurobi_cl) logging started Fri Aug 25 10:21:27 2023

Set parameter WLSAccessID
Set parameter WLSSecret
Set parameter LicenseID to value 2380096
Set parameter LogFile to value "gurobi.log"
Academic license - for non-commercial use only - registered to a.e.pieruzzi@student.tudelft.nl
Using license file /home/apieruzzi/gurobi.lic

Gurobi 10.0.1 (linux64, gurobi_cl) logging started Fri Aug 25 10:22:24 2023

Set parameter WLSAccessID
Set parameter WLSSecret
Set parameter LicenseID to value 2380096
Set parameter LogFile to value "gurobi.log"
Academic license - for non-commercial use only - registered to a.e.pieruzzi@student.tudelft.nl
Using license file /home/apieruzzi/gurobi.lic

Gurobi 10.0.1 (linux64, gurobi_cl) logging started Fri Aug 25 10:22:52 2023

Set parameter WLSAccessID
Set parameter WLSSecret
Set parameter LicenseID to value 2380096
Set parameter LogFile to value "gurobi.log"
Academic license - for non-commercial use only - registered to a.e.pieruzzi@student.tudelft.nl
Using license file /home/apieruzzi/gurobi.lic

Gurobi 10.0.1 (linux64, gurobi_cl) logging started Fri Aug 25 10:26:20 2023

Set parameter WLSAccessID
Set parameter WLSSecret
Set parameter LicenseID to value 2380096
Set parameter LogFile to value "gurobi.log"
Academic license - for non-commercial use only - registered to a.e.pieruzzi@student.tudelft.nl
Using license file /home/apieruzzi/gurobi.lic

Gurobi 10.0.1 (linux64, gurobi_cl) logging started Mon Aug 28 12:30:12 2023

Set parameter WLSAccessID
Set parameter WLSSecret
Set parameter LicenseID to value 2380096
Set parameter LogFile to value "gurobi.log"
Academic license - for non-commercial use only - registered to a.e.pieruzzi@student.tudelft.nl
Using license file /home/apieruzzi/gurobi.lic

Gurobi 10.0.1 (linux64, gurobi_cl) logging started Mon Aug 28 15:06:29 2023

Set parameter WLSAccessID
Set parameter WLSSecret
Set parameter LicenseID to value 2380096
Set parameter LogFile to value "gurobi.log"
Academic license - for non-commercial use only - registered to a.e.pieruzzi@student.tudelft.nl
Using license file /home/apieruzzi/gurobi.lic

Gurobi 10.0.1 (linux64, gurobi_cl) logging started Mon Aug 28 15:09:00 2023

Set parameter WLSAccessID
Set parameter WLSSecret
Set parameter LicenseID to value 2380096
Set parameter LogFile to value "gurobi.log"
Academic license - for non-commercial use only - registered to a.e.pieruzzi@student.tudelft.nl
Using license file /home/apieruzzi/gurobi.lic

Gurobi 10.0.1 (linux64, gurobi_cl) logging started Mon Aug 28 15:51:01 2023

Set parameter WLSAccessID
Set parameter WLSSecret
Set parameter LicenseID to value 2380096
Set parameter LogFile to value "gurobi.log"
Academic license - for non-commercial use only - registered to a.e.pieruzzi@student.tudelft.nl
Using license file /home/apieruzzi/gurobi.lic

Gurobi 10.0.1 (linux64, gurobi_cl) logging started Mon Aug 28 15:53:32 2023

Set parameter WLSAccessID
Set parameter WLSSecret
Set parameter LicenseID to value 2380096
Set parameter LogFile to value "gurobi.log"
Academic license - for non-commercial use only - registered to a.e.pieruzzi@student.tudelft.nl
Using license file /home/apieruzzi/gurobi.lic

Gurobi 10.0.1 (linux64, gurobi_cl) logging started Mon Aug 28 16:00:32 2023

Set parameter WLSAccessID
Set parameter WLSSecret
Set parameter LicenseID to value 2380096
Set parameter LogFile to value "gurobi.log"
Academic license - for non-commercial use only - registered to a.e.pieruzzi@student.tudelft.nl
Using license file /home/apieruzzi/gurobi.lic

Gurobi 10.0.1 (linux64, gurobi_cl) logging started Mon Aug 28 16:30:47 2023

Set parameter WLSAccessID
Set parameter WLSSecret
Set parameter LicenseID to value 2380096
Set parameter LogFile to value "gurobi.log"
Academic license - for non-commercial use only - registered to a.e.pieruzzi@student.tudelft.nl
Using license file /home/apieruzzi/gurobi.lic

Gurobi 10.0.1 (linux64, gurobi_cl) logging started Tue Aug 29 10:30:18 2023

Set parameter WLSAccessID
Set parameter WLSSecret
Set parameter LicenseID to value 2380096
Set parameter LogFile to value "gurobi.log"
Academic license - for non-commercial use only - registered to a.e.pieruzzi@student.tudelft.nl
Using license file /home/apieruzzi/gurobi.lic

Gurobi 10.0.1 (linux64, gurobi_cl) logging started Tue Aug 29 10:30:43 2023

Set parameter WLSAccessID
Set parameter WLSSecret
Set parameter LicenseID to value 2380096
Set parameter LogFile to value "gurobi.log"
Academic license - for non-commercial use only - registered to a.e.pieruzzi@student.tudelft.nl
Using license file /home/apieruzzi/gurobi.lic

Gurobi 10.0.1 (linux64, gurobi_cl) logging started Tue Aug 29 18:25:56 2023

Set parameter WLSAccessID
Set parameter WLSSecret
Set parameter LicenseID to value 2380096
Set parameter LogFile to value "gurobi.log"
Academic license - for non-commercial use only - registered to a.e.pieruzzi@student.tudelft.nl
Using license file /home/apieruzzi/gurobi.lic

Gurobi 10.0.1 (linux64, gurobi_cl) logging started Tue Aug 29 18:58:43 2023

Set parameter WLSAccessID
Set parameter WLSSecret
Set parameter LicenseID to value 2380096
Set parameter LogFile to value "gurobi.log"
Academic license - for non-commercial use only - registered to a.e.pieruzzi@student.tudelft.nl
Using license file /home/apieruzzi/gurobi.lic

Gurobi 10.0.1 (linux64, gurobi_cl) logging started Wed Aug 30 10:00:22 2023

Set parameter WLSAccessID
Set parameter WLSSecret
Set parameter LicenseID to value 2380096
Set parameter LogFile to value "gurobi.log"
Academic license - for non-commercial use only - registered to a.e.pieruzzi@student.tudelft.nl
Using license file /home/apieruzzi/gurobi.lic

Gurobi 10.0.1 (linux64, gurobi_cl) logging started Wed Aug 30 10:02:07 2023

Set parameter WLSAccessID
Set parameter WLSSecret
Set parameter LicenseID to value 2380096
Set parameter LogFile to value "gurobi.log"
Academic license - for non-commercial use only - registered to a.e.pieruzzi@student.tudelft.nl
Using license file /home/apieruzzi/gurobi.lic

Gurobi 10.0.1 (linux64, gurobi_cl) logging started Wed Aug 30 10:34:01 2023

Set parameter WLSAccessID
Set parameter WLSSecret
Set parameter LicenseID to value 2380096
Set parameter LogFile to value "gurobi.log"
Academic license - for non-commercial use only - registered to a.e.pieruzzi@student.tudelft.nl
Using license file /home/apieruzzi/gurobi.lic

Gurobi 10.0.1 (linux64, gurobi_cl) logging started Wed Aug 30 10:34:57 2023

Set parameter WLSAccessID
Set parameter WLSSecret
Set parameter LicenseID to value 2380096
Set parameter LogFile to value "gurobi.log"
Academic license - for non-commercial use only - registered to a.e.pieruzzi@student.tudelft.nl
Using license file /home/apieruzzi/gurobi.lic

Gurobi 10.0.1 (linux64, gurobi_cl) logging started Wed Aug 30 10:35:28 2023

Set parameter WLSAccessID
Set parameter WLSSecret
Set parameter LicenseID to value 2380096
Set parameter LogFile to value "gurobi.log"
Academic license - for non-commercial use only - registered to a.e.pieruzzi@student.tudelft.nl
Using license file /home/apieruzzi/gurobi.lic

Gurobi 10.0.1 (linux64, gurobi_cl) logging started Wed Aug 30 10:40:22 2023

Set parameter WLSAccessID
Set parameter WLSSecret
Set parameter LicenseID to value 2380096
Set parameter LogFile to value "gurobi.log"
Academic license - for non-commercial use only - registered to a.e.pieruzzi@student.tudelft.nl
Using license file /home/apieruzzi/gurobi.lic

Gurobi 10.0.1 (linux64, gurobi_cl) logging started Wed Aug 30 10:44:22 2023

Set parameter WLSAccessID
Set parameter WLSSecret
Set parameter LicenseID to value 2380096
Set parameter LogFile to value "gurobi.log"
Academic license - for non-commercial use only - registered to a.e.pieruzzi@student.tudelft.nl
Using license file /home/apieruzzi/gurobi.lic

Gurobi 10.0.1 (linux64, gurobi_cl) logging started Wed Aug 30 10:44:39 2023

Set parameter WLSAccessID
Set parameter WLSSecret
Set parameter LicenseID to value 2380096
Set parameter LogFile to value "gurobi.log"
Academic license - for non-commercial use only - registered to a.e.pieruzzi@student.tudelft.nl
Using license file /home/apieruzzi/gurobi.lic

Gurobi 10.0.1 (linux64, gurobi_cl) logging started Wed Aug 30 13:07:16 2023

Set parameter WLSAccessID
Set parameter WLSSecret
Set parameter LicenseID to value 2380096
Set parameter LogFile to value "gurobi.log"
Academic license - for non-commercial use only - registered to a.e.pieruzzi@student.tudelft.nl
Using license file /home/apieruzzi/gurobi.lic

Gurobi 10.0.1 (linux64, gurobi_cl) logging started Wed Aug 30 13:08:09 2023

Set parameter WLSAccessID
Set parameter WLSSecret
Set parameter LicenseID to value 2380096
Set parameter LogFile to value "gurobi.log"
Academic license - for non-commercial use only - registered to a.e.pieruzzi@student.tudelft.nl
Using license file /home/apieruzzi/gurobi.lic

Gurobi 10.0.1 (linux64, gurobi_cl) logging started Wed Aug 30 13:22:50 2023

Set parameter WLSAccessID
Set parameter WLSSecret
Set parameter LicenseID to value 2380096
Set parameter LogFile to value "gurobi.log"
Academic license - for non-commercial use only - registered to a.e.pieruzzi@student.tudelft.nl
Using license file /home/apieruzzi/gurobi.lic

Gurobi 10.0.1 (linux64, gurobi_cl) logging started Wed Aug 30 13:23:16 2023

Set parameter WLSAccessID
Set parameter WLSSecret
Set parameter LicenseID to value 2380096
Set parameter LogFile to value "gurobi.log"
Academic license - for non-commercial use only - registered to a.e.pieruzzi@student.tudelft.nl
Using license file /home/apieruzzi/gurobi.lic

Gurobi 10.0.1 (linux64, gurobi_cl) logging started Wed Aug 30 13:34:41 2023

Set parameter WLSAccessID
Set parameter WLSSecret
Set parameter LicenseID to value 2380096
Set parameter LogFile to value "gurobi.log"
Academic license - for non-commercial use only - registered to a.e.pieruzzi@student.tudelft.nl
Using license file /home/apieruzzi/gurobi.lic

Gurobi 10.0.1 (linux64, gurobi_cl) logging started Wed Aug 30 15:25:18 2023

Set parameter WLSAccessID
Set parameter WLSSecret
Set parameter LicenseID to value 2380096
Set parameter LogFile to value "gurobi.log"
Academic license - for non-commercial use only - registered to a.e.pieruzzi@student.tudelft.nl
Using license file /home/apieruzzi/gurobi.lic

Gurobi 10.0.1 (linux64, gurobi_cl) logging started Wed Aug 30 16:25:02 2023

Set parameter WLSAccessID
Set parameter WLSSecret
Set parameter LicenseID to value 2380096
Set parameter LogFile to value "gurobi.log"
Academic license - for non-commercial use only - registered to a.e.pieruzzi@student.tudelft.nl
Using license file /home/apieruzzi/gurobi.lic

Gurobi 10.0.1 (linux64, gurobi_cl) logging started Wed Aug 30 16:25:44 2023

Set parameter WLSAccessID
Set parameter WLSSecret
Set parameter LicenseID to value 2380096
Set parameter LogFile to value "gurobi.log"
Academic license - for non-commercial use only - registered to a.e.pieruzzi@student.tudelft.nl
Using license file /home/apieruzzi/gurobi.lic

Gurobi 10.0.1 (linux64, gurobi_cl) logging started Wed Aug 30 16:38:07 2023

Set parameter WLSAccessID
Set parameter WLSSecret
Set parameter LicenseID to value 2380096
Set parameter LogFile to value "gurobi.log"
Academic license - for non-commercial use only - registered to a.e.pieruzzi@student.tudelft.nl
Using license file /home/apieruzzi/gurobi.lic

Gurobi 10.0.1 (linux64, gurobi_cl) logging started Wed Aug 30 16:59:50 2023

Set parameter WLSAccessID
Set parameter WLSSecret
Set parameter LicenseID to value 2380096
Set parameter LogFile to value "gurobi.log"
Academic license - for non-commercial use only - registered to a.e.pieruzzi@student.tudelft.nl
Using license file /home/apieruzzi/gurobi.lic

Gurobi 10.0.1 (linux64, gurobi_cl) logging started Wed Aug 30 17:00:16 2023

Set parameter WLSAccessID
Set parameter WLSSecret
Set parameter LicenseID to value 2380096
Set parameter LogFile to value "gurobi.log"
Academic license - for non-commercial use only - registered to a.e.pieruzzi@student.tudelft.nl
Using license file /home/apieruzzi/gurobi.lic

Gurobi 10.0.1 (linux64, gurobi_cl) logging started Wed Aug 30 19:11:02 2023

Set parameter WLSAccessID
Set parameter WLSSecret
Set parameter LicenseID to value 2380096
Set parameter LogFile to value "gurobi.log"
Academic license - for non-commercial use only - registered to a.e.pieruzzi@student.tudelft.nl
Using license file /home/apieruzzi/gurobi.lic

Gurobi 10.0.1 (linux64, gurobi_cl) logging started Wed Aug 30 19:11:32 2023

Set parameter WLSAccessID
Set parameter WLSSecret
Set parameter LicenseID to value 2380096
Set parameter LogFile to value "gurobi.log"
Academic license - for non-commercial use only - registered to a.e.pieruzzi@student.tudelft.nl
Using license file /home/apieruzzi/gurobi.lic

Gurobi 10.0.1 (linux64, gurobi_cl) logging started Wed Aug 30 19:12:03 2023

Set parameter WLSAccessID
Set parameter WLSSecret
Set parameter LicenseID to value 2380096
Set parameter LogFile to value "gurobi.log"
Academic license - for non-commercial use only - registered to a.e.pieruzzi@student.tudelft.nl
Using license file /home/apieruzzi/gurobi.lic

Gurobi 10.0.1 (linux64, gurobi_cl) logging started Wed Aug 30 19:18:29 2023

Set parameter WLSAccessID
Set parameter WLSSecret
Set parameter LicenseID to value 2380096
Set parameter LogFile to value "gurobi.log"
Academic license - for non-commercial use only - registered to a.e.pieruzzi@student.tudelft.nl
Using license file /home/apieruzzi/gurobi.lic

Gurobi 10.0.1 (linux64, gurobi_cl) logging started Thu Aug 31 11:13:59 2023

Set parameter WLSAccessID
Set parameter WLSSecret
Set parameter LicenseID to value 2380096
Set parameter LogFile to value "gurobi.log"
Academic license - for non-commercial use only - registered to a.e.pieruzzi@student.tudelft.nl
Using license file /home/apieruzzi/gurobi.lic

Gurobi 10.0.1 (linux64, gurobi_cl) logging started Thu Aug 31 11:14:36 2023

Set parameter WLSAccessID
Set parameter WLSSecret
Set parameter LicenseID to value 2380096
Set parameter LogFile to value "gurobi.log"
Academic license - for non-commercial use only - registered to a.e.pieruzzi@student.tudelft.nl
Using license file /home/apieruzzi/gurobi.lic

Gurobi 10.0.1 (linux64, gurobi_cl) logging started Thu Aug 31 12:24:06 2023

Set parameter WLSAccessID
Set parameter WLSSecret
Set parameter LicenseID to value 2380096
Set parameter LogFile to value "gurobi.log"
Academic license - for non-commercial use only - registered to a.e.pieruzzi@student.tudelft.nl
Using license file /home/apieruzzi/gurobi.lic

Gurobi 10.0.1 (linux64, gurobi_cl) logging started Thu Aug 31 16:11:57 2023

Set parameter WLSAccessID
Set parameter WLSSecret
Set parameter LicenseID to value 2380096
Set parameter LogFile to value "gurobi.log"
Academic license - for non-commercial use only - registered to a.e.pieruzzi@student.tudelft.nl
Using license file /home/apieruzzi/gurobi.lic

Gurobi 10.0.1 (linux64, gurobi_cl) logging started Thu Aug 31 16:18:56 2023

Set parameter WLSAccessID
Set parameter WLSSecret
Set parameter LicenseID to value 2380096
Set parameter LogFile to value "gurobi.log"
Academic license - for non-commercial use only - registered to a.e.pieruzzi@student.tudelft.nl
Using license file /home/apieruzzi/gurobi.lic

Gurobi 10.0.1 (linux64, gurobi_cl) logging started Thu Aug 31 16:30:47 2023

Set parameter WLSAccessID
Set parameter WLSSecret
Set parameter LicenseID to value 2380096
Set parameter LogFile to value "gurobi.log"
Academic license - for non-commercial use only - registered to a.e.pieruzzi@student.tudelft.nl
Using license file /home/apieruzzi/gurobi.lic

Gurobi 10.0.1 (linux64, gurobi_cl) logging started Fri Sep  1 09:48:33 2023

Set parameter WLSAccessID
Set parameter WLSSecret
Set parameter LicenseID to value 2380096
Set parameter LogFile to value "gurobi.log"
Academic license - for non-commercial use only - registered to a.e.pieruzzi@student.tudelft.nl
Using license file /home/apieruzzi/gurobi.lic

Gurobi 10.0.1 (linux64, gurobi_cl) logging started Fri Sep  1 10:06:00 2023

Set parameter WLSAccessID
Set parameter WLSSecret
Set parameter LicenseID to value 2380096
Set parameter LogFile to value "gurobi.log"
Academic license - for non-commercial use only - registered to a.e.pieruzzi@student.tudelft.nl
Using license file /home/apieruzzi/gurobi.lic

Gurobi 10.0.1 (linux64, gurobi_cl) logging started Fri Sep  1 10:23:43 2023

Set parameter WLSAccessID
Set parameter WLSSecret
Set parameter LicenseID to value 2380096
Set parameter LogFile to value "gurobi.log"
Academic license - for non-commercial use only - registered to a.e.pieruzzi@student.tudelft.nl
Using license file /home/apieruzzi/gurobi.lic

Gurobi 10.0.1 (linux64, gurobi_cl) logging started Fri Sep  1 11:25:24 2023

Set parameter WLSAccessID
Set parameter WLSSecret
Set parameter LicenseID to value 2380096
Set parameter LogFile to value "gurobi.log"
Academic license - for non-commercial use only - registered to a.e.pieruzzi@student.tudelft.nl
Using license file /home/apieruzzi/gurobi.lic

Gurobi 10.0.1 (linux64, gurobi_cl) logging started Fri Sep  1 15:45:41 2023

Set parameter WLSAccessID
Set parameter WLSSecret
Set parameter LicenseID to value 2380096
Set parameter LogFile to value "gurobi.log"
Academic license - for non-commercial use only - registered to a.e.pieruzzi@student.tudelft.nl
Using license file /home/apieruzzi/gurobi.lic

Gurobi 10.0.1 (linux64, gurobi_cl) logging started Fri Sep  1 15:48:35 2023

Set parameter WLSAccessID
Set parameter WLSSecret
Set parameter LicenseID to value 2380096
Set parameter LogFile to value "gurobi.log"
Academic license - for non-commercial use only - registered to a.e.pieruzzi@student.tudelft.nl
Using license file /home/apieruzzi/gurobi.lic

Gurobi 10.0.1 (linux64, gurobi_cl) logging started Fri Sep  1 16:20:33 2023

Set parameter WLSAccessID
Set parameter WLSSecret
Set parameter LicenseID to value 2380096
Set parameter LogFile to value "gurobi.log"
Academic license - for non-commercial use only - registered to a.e.pieruzzi@student.tudelft.nl
Using license file /home/apieruzzi/gurobi.lic

Gurobi 10.0.1 (linux64, gurobi_cl) logging started Thu Sep  7 11:30:31 2023

Set parameter WLSAccessID
Set parameter WLSSecret
Set parameter LicenseID to value 2380096
Set parameter LogFile to value "gurobi.log"
Academic license - for non-commercial use only - registered to a.e.pieruzzi@student.tudelft.nl
Using license file /home/apieruzzi/gurobi.lic

Gurobi 10.0.1 (linux64, gurobi_cl) logging started Thu Sep  7 11:48:37 2023

Set parameter WLSAccessID
Set parameter WLSSecret
Set parameter LicenseID to value 2380096
Set parameter LogFile to value "gurobi.log"
Academic license - for non-commercial use only - registered to a.e.pieruzzi@student.tudelft.nl
Using license file /home/apieruzzi/gurobi.lic

Gurobi 10.0.1 (linux64, gurobi_cl) logging started Thu Sep  7 12:01:29 2023

Set parameter WLSAccessID
Set parameter WLSSecret
Set parameter LicenseID to value 2380096
Set parameter LogFile to value "gurobi.log"
Academic license - for non-commercial use only - registered to a.e.pieruzzi@student.tudelft.nl
Using license file /home/apieruzzi/gurobi.lic

Gurobi 10.0.1 (linux64, gurobi_cl) logging started Fri Sep  8 09:53:29 2023

Set parameter WLSAccessID
Set parameter WLSSecret
Set parameter LicenseID to value 2380096
Set parameter LogFile to value "gurobi.log"
Academic license - for non-commercial use only - registered to a.e.pieruzzi@student.tudelft.nl
Using license file /home/apieruzzi/gurobi.lic

Gurobi 10.0.1 (linux64, gurobi_cl) logging started Fri Sep  8 10:12:59 2023

Set parameter WLSAccessID
Set parameter WLSSecret
Set parameter LicenseID to value 2380096
Set parameter LogFile to value "gurobi.log"
Academic license - for non-commercial use only - registered to a.e.pieruzzi@student.tudelft.nl
Using license file /home/apieruzzi/gurobi.lic

Gurobi 10.0.1 (linux64, gurobi_cl) logging started Fri Sep  8 10:15:53 2023

Set parameter WLSAccessID
Set parameter WLSSecret
Set parameter LicenseID to value 2380096
Set parameter LogFile to value "gurobi.log"
Academic license - for non-commercial use only - registered to a.e.pieruzzi@student.tudelft.nl
Using license file /home/apieruzzi/gurobi.lic

Gurobi 10.0.1 (linux64, gurobi_cl) logging started Fri Sep  8 11:29:05 2023

Set parameter WLSAccessID
Set parameter WLSSecret
Set parameter LicenseID to value 2380096
Set parameter LogFile to value "gurobi.log"
Academic license - for non-commercial use only - registered to a.e.pieruzzi@student.tudelft.nl
Using license file /home/apieruzzi/gurobi.lic

Gurobi 10.0.1 (linux64, gurobi_cl) logging started Mon Sep 11 11:29:26 2023

Set parameter WLSAccessID
Set parameter WLSSecret
Set parameter LicenseID to value 2380096
Set parameter LogFile to value "gurobi.log"
Academic license - for non-commercial use only - registered to a.e.pieruzzi@student.tudelft.nl
Using license file /home/apieruzzi/gurobi.lic

Gurobi 10.0.1 (linux64, gurobi_cl) logging started Mon Sep 11 12:00:26 2023

Set parameter WLSAccessID
Set parameter WLSSecret
Set parameter LicenseID to value 2380096
Set parameter LogFile to value "gurobi.log"

Gurobi 10.0.1 (linux64, gurobi_cl) logging started Mon Sep 11 12:12:22 2023

Set parameter WLSAccessID
Set parameter WLSSecret
Set parameter LicenseID to value 2380096
Set parameter LogFile to value "gurobi.log"
Academic license - for non-commercial use only - registered to a.e.pieruzzi@student.tudelft.nl
Using license file /home/apieruzzi/gurobi.lic

Gurobi 10.0.1 (linux64, gurobi_cl) logging started Mon Sep 11 15:32:52 2023

Set parameter WLSAccessID
Set parameter WLSSecret
Set parameter LicenseID to value 2380096
Set parameter LogFile to value "gurobi.log"
Academic license - for non-commercial use only - registered to a.e.pieruzzi@student.tudelft.nl
Using license file /home/apieruzzi/gurobi.lic

Gurobi 10.0.1 (linux64, gurobi_cl) logging started Tue Sep 12 15:26:21 2023

Set parameter WLSAccessID
Set parameter WLSSecret
Set parameter LicenseID to value 2380096
Set parameter LogFile to value "gurobi.log"
Academic license - for non-commercial use only - registered to a.e.pieruzzi@student.tudelft.nl
Using license file /home/apieruzzi/gurobi.lic

Gurobi 10.0.1 (linux64, gurobi_cl) logging started Tue Sep 12 15:52:38 2023

Set parameter WLSAccessID
Set parameter WLSSecret
Set parameter LicenseID to value 2380096
Set parameter LogFile to value "gurobi.log"
Academic license - for non-commercial use only - registered to a.e.pieruzzi@student.tudelft.nl
Using license file /home/apieruzzi/gurobi.lic

Gurobi 10.0.1 (linux64, gurobi_cl) logging started Tue Sep 12 15:53:08 2023

Set parameter WLSAccessID
Set parameter WLSSecret
Set parameter LicenseID to value 2380096
Set parameter LogFile to value "gurobi.log"
Academic license - for non-commercial use only - registered to a.e.pieruzzi@student.tudelft.nl
Using license file /home/apieruzzi/gurobi.lic

Gurobi 10.0.1 (linux64, gurobi_cl) logging started Tue Sep 12 16:22:14 2023

Set parameter WLSAccessID
Set parameter WLSSecret
Set parameter LicenseID to value 2380096
Set parameter LogFile to value "gurobi.log"
Academic license - for non-commercial use only - registered to a.e.pieruzzi@student.tudelft.nl
Using license file /home/apieruzzi/gurobi.lic

Gurobi 10.0.1 (linux64, gurobi_cl) logging started Tue Sep 12 16:31:29 2023

Set parameter WLSAccessID
Set parameter WLSSecret
Set parameter LicenseID to value 2380096
Set parameter LogFile to value "gurobi.log"
Academic license - for non-commercial use only - registered to a.e.pieruzzi@student.tudelft.nl
Using license file /home/apieruzzi/gurobi.lic

Gurobi 10.0.1 (linux64, gurobi_cl) logging started Tue Sep 12 16:33:49 2023

Set parameter WLSAccessID
Set parameter WLSSecret
Set parameter LicenseID to value 2380096
Set parameter LogFile to value "gurobi.log"
Academic license - for non-commercial use only - registered to a.e.pieruzzi@student.tudelft.nl
Using license file /home/apieruzzi/gurobi.lic

Gurobi 10.0.1 (linux64, gurobi_cl) logging started Tue Sep 12 16:45:26 2023

Set parameter WLSAccessID
Set parameter WLSSecret
Set parameter LicenseID to value 2380096
Set parameter LogFile to value "gurobi.log"
Academic license - for non-commercial use only - registered to a.e.pieruzzi@student.tudelft.nl
Using license file /home/apieruzzi/gurobi.lic

Gurobi 10.0.1 (linux64, gurobi_cl) logging started Wed Sep 13 09:54:48 2023

Set parameter WLSAccessID
Set parameter WLSSecret
Set parameter LicenseID to value 2380096
Set parameter LogFile to value "gurobi.log"
Academic license - for non-commercial use only - registered to a.e.pieruzzi@student.tudelft.nl
Using license file /home/apieruzzi/gurobi.lic

Gurobi 10.0.1 (linux64, gurobi_cl) logging started Wed Sep 13 09:55:26 2023

Set parameter WLSAccessID
Set parameter WLSSecret
Set parameter LicenseID to value 2380096
Set parameter LogFile to value "gurobi.log"
Academic license - for non-commercial use only - registered to a.e.pieruzzi@student.tudelft.nl
Using license file /home/apieruzzi/gurobi.lic

Gurobi 10.0.1 (linux64, gurobi_cl) logging started Wed Sep 13 09:56:10 2023

Set parameter WLSAccessID
Set parameter WLSSecret
Set parameter LicenseID to value 2380096
Set parameter LogFile to value "gurobi.log"
Academic license - for non-commercial use only - registered to a.e.pieruzzi@student.tudelft.nl
Using license file /home/apieruzzi/gurobi.lic

Gurobi 10.0.1 (linux64, gurobi_cl) logging started Wed Sep 13 10:12:20 2023

Set parameter WLSAccessID
Set parameter WLSSecret
Set parameter LicenseID to value 2380096
Set parameter LogFile to value "gurobi.log"
Academic license - for non-commercial use only - registered to a.e.pieruzzi@student.tudelft.nl
Using license file /home/apieruzzi/gurobi.lic

Gurobi 10.0.1 (linux64, gurobi_cl) logging started Wed Sep 13 10:23:38 2023

Set parameter WLSAccessID
Set parameter WLSSecret
Set parameter LicenseID to value 2380096
Set parameter LogFile to value "gurobi.log"
Academic license - for non-commercial use only - registered to a.e.pieruzzi@student.tudelft.nl
Using license file /home/apieruzzi/gurobi.lic

Gurobi 10.0.1 (linux64, gurobi_cl) logging started Tue Sep 19 12:16:50 2023

Set parameter WLSAccessID
Set parameter WLSSecret
Set parameter LicenseID to value 2380096
Set parameter LogFile to value "gurobi.log"
Academic license - for non-commercial use only - registered to a.e.pieruzzi@student.tudelft.nl
Using license file /home/apieruzzi/gurobi.lic

Gurobi 10.0.1 (linux64, gurobi_cl) logging started Tue Sep 19 12:18:57 2023

Set parameter WLSAccessID
Set parameter WLSSecret
Set parameter LicenseID to value 2380096
Set parameter LogFile to value "gurobi.log"
Academic license - for non-commercial use only - registered to a.e.pieruzzi@student.tudelft.nl
Using license file /home/apieruzzi/gurobi.lic

Gurobi 10.0.1 (linux64, gurobi_cl) logging started Fri Sep 22 13:43:23 2023

Set parameter WLSAccessID
Set parameter WLSSecret
Set parameter LicenseID to value 2380096
Set parameter LogFile to value "gurobi.log"
Academic license - for non-commercial use only - registered to a.e.pieruzzi@student.tudelft.nl
Using license file /home/apieruzzi/gurobi.lic

Gurobi 10.0.1 (linux64, gurobi_cl) logging started Fri Sep 22 13:45:11 2023

Set parameter WLSAccessID
Set parameter WLSSecret
Set parameter LicenseID to value 2380096
Set parameter LogFile to value "gurobi.log"
Academic license - for non-commercial use only - registered to a.e.pieruzzi@student.tudelft.nl
Using license file /home/apieruzzi/gurobi.lic

Gurobi 10.0.1 (linux64, gurobi_cl) logging started Fri Sep 22 13:47:28 2023

Set parameter WLSAccessID
Set parameter WLSSecret
Set parameter LicenseID to value 2380096
Set parameter LogFile to value "gurobi.log"
Academic license - for non-commercial use only - registered to a.e.pieruzzi@student.tudelft.nl
Using license file /home/apieruzzi/gurobi.lic

Gurobi 10.0.1 (linux64, gurobi_cl) logging started Fri Sep 22 13:48:21 2023

Set parameter WLSAccessID
Set parameter WLSSecret
Set parameter LicenseID to value 2380096
Set parameter LogFile to value "gurobi.log"
Academic license - for non-commercial use only - registered to a.e.pieruzzi@student.tudelft.nl
Using license file /home/apieruzzi/gurobi.lic

Gurobi 10.0.1 (linux64, gurobi_cl) logging started Fri Sep 22 13:48:32 2023

Set parameter WLSAccessID
Set parameter WLSSecret
Set parameter LicenseID to value 2380096
Set parameter LogFile to value "gurobi.log"
Academic license - for non-commercial use only - registered to a.e.pieruzzi@student.tudelft.nl
Using license file /home/apieruzzi/gurobi.lic

Gurobi 10.0.1 (linux64, gurobi_cl) logging started Fri Sep 22 13:49:54 2023

Set parameter WLSAccessID
Set parameter WLSSecret
Set parameter LicenseID to value 2380096
Set parameter LogFile to value "gurobi.log"
Academic license - for non-commercial use only - registered to a.e.pieruzzi@student.tudelft.nl
Using license file /home/apieruzzi/gurobi.lic

Gurobi 10.0.1 (linux64, gurobi_cl) logging started Fri Sep 22 13:53:40 2023

Set parameter WLSAccessID
Set parameter WLSSecret
Set parameter LicenseID to value 2380096
Set parameter LogFile to value "gurobi.log"
Academic license - for non-commercial use only - registered to a.e.pieruzzi@student.tudelft.nl
Using license file /home/apieruzzi/gurobi.lic

Gurobi 10.0.1 (linux64, gurobi_cl) logging started Fri Sep 22 13:54:47 2023

Set parameter WLSAccessID
Set parameter WLSSecret
Set parameter LicenseID to value 2380096
Set parameter LogFile to value "gurobi.log"
Academic license - for non-commercial use only - registered to a.e.pieruzzi@student.tudelft.nl
Using license file /home/apieruzzi/gurobi.lic

Gurobi 10.0.1 (linux64, gurobi_cl) logging started Fri Sep 22 13:54:53 2023

Set parameter WLSAccessID
Set parameter WLSSecret
Set parameter LicenseID to value 2380096
Set parameter LogFile to value "gurobi.log"
Academic license - for non-commercial use only - registered to a.e.pieruzzi@student.tudelft.nl
Using license file /home/apieruzzi/gurobi.lic

Gurobi 10.0.1 (linux64, gurobi_cl) logging started Fri Sep 22 13:57:53 2023

Set parameter WLSAccessID
Set parameter WLSSecret
Set parameter LicenseID to value 2380096
Set parameter LogFile to value "gurobi.log"
Academic license - for non-commercial use only - registered to a.e.pieruzzi@student.tudelft.nl
Using license file /home/apieruzzi/gurobi.lic

Gurobi 10.0.1 (linux64, gurobi_cl) logging started Fri Sep 22 13:58:21 2023

Set parameter WLSAccessID
Set parameter WLSSecret
Set parameter LicenseID to value 2380096
Set parameter LogFile to value "gurobi.log"
Academic license - for non-commercial use only - registered to a.e.pieruzzi@student.tudelft.nl
Using license file /home/apieruzzi/gurobi.lic

Gurobi 10.0.1 (linux64, gurobi_cl) logging started Fri Sep 22 15:33:31 2023

Set parameter WLSAccessID
Set parameter WLSSecret
Set parameter LicenseID to value 2380096
Set parameter LogFile to value "gurobi.log"

Gurobi 10.0.1 (linux64, gurobi_cl) logging started Fri Sep 22 15:37:25 2023

Set parameter WLSAccessID
Set parameter WLSSecret
Set parameter LicenseID to value 2380096
Set parameter LogFile to value "gurobi.log"

Gurobi 10.0.1 (linux64, gurobi_cl) logging started Fri Sep 22 15:38:09 2023

Set parameter WLSAccessID
Set parameter WLSSecret
Set parameter LicenseID to value 2380096
Set parameter LogFile to value "gurobi.log"

Gurobi 10.0.1 (linux64, gurobi_cl) logging started Fri Sep 22 15:39:40 2023

Set parameter WLSAccessID
Set parameter WLSSecret
Set parameter LicenseID to value 2380096
Set parameter LogFile to value "gurobi.log"
Academic license - for non-commercial use only - registered to a.e.pieruzzi@student.tudelft.nl
Using license file /home/apieruzzi/gurobi.lic

Gurobi 10.0.1 (linux64, gurobi_cl) logging started Fri Sep 22 15:39:51 2023

Set parameter WLSAccessID
Set parameter WLSSecret
Set parameter LicenseID to value 2380096
Set parameter LogFile to value "gurobi.log"
Academic license - for non-commercial use only - registered to a.e.pieruzzi@student.tudelft.nl
Using license file /home/apieruzzi/gurobi.lic

Gurobi 10.0.1 (linux64, gurobi_cl) logging started Fri Sep 22 15:54:06 2023

Set parameter WLSAccessID
Set parameter WLSSecret
Set parameter LicenseID to value 2380096
Set parameter LogFile to value "gurobi.log"

Gurobi 10.0.1 (linux64, gurobi_cl) logging started Fri Sep 22 16:25:52 2023

Set parameter WLSAccessID
Set parameter WLSSecret
Set parameter LicenseID to value 2380096
Set parameter LogFile to value "gurobi.log"
Academic license - for non-commercial use only - registered to a.e.pieruzzi@student.tudelft.nl
Using license file /home/apieruzzi/gurobi.lic

Gurobi 10.0.1 (linux64, gurobi_cl) logging started Fri Sep 22 16:27:39 2023

Set parameter WLSAccessID
Set parameter WLSSecret
Set parameter LicenseID to value 2380096
Set parameter LogFile to value "gurobi.log"
Academic license - for non-commercial use only - registered to a.e.pieruzzi@student.tudelft.nl
Using license file /home/apieruzzi/gurobi.lic

Gurobi 10.0.1 (linux64, gurobi_cl) logging started Fri Sep 22 16:27:46 2023

Set parameter WLSAccessID
Set parameter WLSSecret
Set parameter LicenseID to value 2380096
Set parameter LogFile to value "gurobi.log"
Academic license - for non-commercial use only - registered to a.e.pieruzzi@student.tudelft.nl
Using license file /home/apieruzzi/gurobi.lic

Gurobi 10.0.1 (linux64, gurobi_cl) logging started Fri Sep 22 16:28:58 2023

Set parameter WLSAccessID
Set parameter WLSSecret
Set parameter LicenseID to value 2380096
Set parameter LogFile to value "gurobi.log"
Academic license - for non-commercial use only - registered to a.e.pieruzzi@student.tudelft.nl
Using license file /home/apieruzzi/gurobi.lic

Gurobi 10.0.1 (linux64, gurobi_cl) logging started Fri Sep 22 16:30:14 2023

Set parameter WLSAccessID
Set parameter WLSSecret
Set parameter LicenseID to value 2380096
Set parameter LogFile to value "gurobi.log"
Academic license - for non-commercial use only - registered to a.e.pieruzzi@student.tudelft.nl
Using license file /home/apieruzzi/gurobi.lic

Gurobi 10.0.1 (linux64, gurobi_cl) logging started Fri Sep 22 16:30:20 2023

Set parameter WLSAccessID
Set parameter WLSSecret
Set parameter LicenseID to value 2380096
Set parameter LogFile to value "gurobi.log"
Academic license - for non-commercial use only - registered to a.e.pieruzzi@student.tudelft.nl
Using license file /home/apieruzzi/gurobi.lic

Gurobi 10.0.1 (linux64, gurobi_cl) logging started Fri Sep 22 16:30:59 2023

Set parameter WLSAccessID
Set parameter WLSSecret
Set parameter LicenseID to value 2380096
Set parameter LogFile to value "gurobi.log"
Academic license - for non-commercial use only - registered to a.e.pieruzzi@student.tudelft.nl
Using license file /home/apieruzzi/gurobi.lic

Gurobi 10.0.1 (linux64, gurobi_cl) logging started Fri Sep 22 16:31:30 2023

Set parameter WLSAccessID
Set parameter WLSSecret
Set parameter LicenseID to value 2380096
Set parameter LogFile to value "gurobi.log"
Academic license - for non-commercial use only - registered to a.e.pieruzzi@student.tudelft.nl
Using license file /home/apieruzzi/gurobi.lic

Gurobi 10.0.1 (linux64, gurobi_cl) logging started Fri Sep 22 16:31:43 2023

Set parameter WLSAccessID
Set parameter WLSSecret
Set parameter LicenseID to value 2380096
Set parameter LogFile to value "gurobi.log"
Academic license - for non-commercial use only - registered to a.e.pieruzzi@student.tudelft.nl
Using license file /home/apieruzzi/gurobi.lic

Gurobi 10.0.1 (linux64, gurobi_cl) logging started Fri Sep 22 16:35:35 2023

Set parameter WLSAccessID
Set parameter WLSSecret
Set parameter LicenseID to value 2380096
Set parameter LogFile to value "gurobi.log"
Academic license - for non-commercial use only - registered to a.e.pieruzzi@student.tudelft.nl
Using license file /home/apieruzzi/gurobi.lic

Gurobi 10.0.1 (linux64, gurobi_cl) logging started Fri Sep 22 16:37:38 2023

Set parameter WLSAccessID
Set parameter WLSSecret
Set parameter LicenseID to value 2380096
Set parameter LogFile to value "gurobi.log"
Academic license - for non-commercial use only - registered to a.e.pieruzzi@student.tudelft.nl
Using license file /home/apieruzzi/gurobi.lic

Gurobi 10.0.1 (linux64, gurobi_cl) logging started Fri Sep 22 16:39:47 2023

Set parameter WLSAccessID
Set parameter WLSSecret
Set parameter LicenseID to value 2380096
Set parameter LogFile to value "gurobi.log"
Academic license - for non-commercial use only - registered to a.e.pieruzzi@student.tudelft.nl
Using license file /home/apieruzzi/gurobi.lic

Gurobi 10.0.1 (linux64, gurobi_cl) logging started Fri Sep 22 16:40:05 2023

Set parameter WLSAccessID
Set parameter WLSSecret
Set parameter LicenseID to value 2380096
Set parameter LogFile to value "gurobi.log"
Academic license - for non-commercial use only - registered to a.e.pieruzzi@student.tudelft.nl
Using license file /home/apieruzzi/gurobi.lic

Gurobi 10.0.1 (linux64, gurobi_cl) logging started Fri Sep 22 16:40:20 2023

Set parameter WLSAccessID
Set parameter WLSSecret
Set parameter LicenseID to value 2380096
Set parameter LogFile to value "gurobi.log"
Academic license - for non-commercial use only - registered to a.e.pieruzzi@student.tudelft.nl
Using license file /home/apieruzzi/gurobi.lic

Gurobi 10.0.1 (linux64, gurobi_cl) logging started Fri Sep 22 16:41:36 2023

Set parameter WLSAccessID
Set parameter WLSSecret
Set parameter LicenseID to value 2380096
Set parameter LogFile to value "gurobi.log"
Academic license - for non-commercial use only - registered to a.e.pieruzzi@student.tudelft.nl
Using license file /home/apieruzzi/gurobi.lic

Gurobi 10.0.1 (linux64, gurobi_cl) logging started Fri Sep 22 16:45:42 2023

Set parameter WLSAccessID
Set parameter WLSSecret
Set parameter LicenseID to value 2380096
Set parameter LogFile to value "gurobi.log"
Academic license - for non-commercial use only - registered to a.e.pieruzzi@student.tudelft.nl
Using license file /home/apieruzzi/gurobi.lic

Gurobi 10.0.1 (linux64, gurobi_cl) logging started Fri Sep 22 17:03:23 2023

Set parameter WLSAccessID
Set parameter WLSSecret
Set parameter LicenseID to value 2380096
Set parameter LogFile to value "gurobi.log"
Academic license - for non-commercial use only - registered to a.e.pieruzzi@student.tudelft.nl
Using license file /home/apieruzzi/gurobi.lic

Gurobi 10.0.1 (linux64, gurobi_cl) logging started Fri Sep 22 17:04:00 2023

Set parameter WLSAccessID
Set parameter WLSSecret
Set parameter LicenseID to value 2380096
Set parameter LogFile to value "gurobi.log"
Academic license - for non-commercial use only - registered to a.e.pieruzzi@student.tudelft.nl
Using license file /home/apieruzzi/gurobi.lic

Gurobi 10.0.1 (linux64, gurobi_cl) logging started Fri Sep 22 17:05:00 2023

Set parameter WLSAccessID
Set parameter WLSSecret
Set parameter LicenseID to value 2380096
Set parameter LogFile to value "gurobi.log"
Academic license - for non-commercial use only - registered to a.e.pieruzzi@student.tudelft.nl
Using license file /home/apieruzzi/gurobi.lic

Gurobi 10.0.1 (linux64, gurobi_cl) logging started Fri Sep 22 17:05:56 2023

Set parameter WLSAccessID
Set parameter WLSSecret
Set parameter LicenseID to value 2380096
Set parameter LogFile to value "gurobi.log"
Academic license - for non-commercial use only - registered to a.e.pieruzzi@student.tudelft.nl
Using license file /home/apieruzzi/gurobi.lic

Gurobi 10.0.1 (linux64, gurobi_cl) logging started Fri Sep 22 17:06:27 2023

Set parameter WLSAccessID
Set parameter WLSSecret
Set parameter LicenseID to value 2380096
Set parameter LogFile to value "gurobi.log"
Academic license - for non-commercial use only - registered to a.e.pieruzzi@student.tudelft.nl
Using license file /home/apieruzzi/gurobi.lic

Gurobi 10.0.1 (linux64, gurobi_cl) logging started Fri Sep 22 17:07:00 2023

Set parameter WLSAccessID
Set parameter WLSSecret
Set parameter LicenseID to value 2380096
Set parameter LogFile to value "gurobi.log"
Academic license - for non-commercial use only - registered to a.e.pieruzzi@student.tudelft.nl
Using license file /home/apieruzzi/gurobi.lic

Gurobi 10.0.1 (linux64, gurobi_cl) logging started Fri Sep 22 17:07:29 2023

Set parameter WLSAccessID
Set parameter WLSSecret
Set parameter LicenseID to value 2380096
Set parameter LogFile to value "gurobi.log"
Academic license - for non-commercial use only - registered to a.e.pieruzzi@student.tudelft.nl
Using license file /home/apieruzzi/gurobi.lic

Gurobi 10.0.1 (linux64, gurobi_cl) logging started Fri Sep 22 17:07:35 2023

Set parameter WLSAccessID
Set parameter WLSSecret
Set parameter LicenseID to value 2380096
Set parameter LogFile to value "gurobi.log"
Academic license - for non-commercial use only - registered to a.e.pieruzzi@student.tudelft.nl
Using license file /home/apieruzzi/gurobi.lic

Gurobi 10.0.1 (linux64, gurobi_cl) logging started Fri Sep 22 17:08:21 2023

Set parameter WLSAccessID
Set parameter WLSSecret
Set parameter LicenseID to value 2380096
Set parameter LogFile to value "gurobi.log"
Academic license - for non-commercial use only - registered to a.e.pieruzzi@student.tudelft.nl
Using license file /home/apieruzzi/gurobi.lic

Gurobi 10.0.1 (linux64, gurobi_cl) logging started Fri Sep 22 17:08:28 2023

Set parameter WLSAccessID
Set parameter WLSSecret
Set parameter LicenseID to value 2380096
Set parameter LogFile to value "gurobi.log"
Academic license - for non-commercial use only - registered to a.e.pieruzzi@student.tudelft.nl
Using license file /home/apieruzzi/gurobi.lic

Gurobi 10.0.1 (linux64, gurobi_cl) logging started Fri Sep 22 17:09:26 2023

Set parameter WLSAccessID
Set parameter WLSSecret
Set parameter LicenseID to value 2380096
Set parameter LogFile to value "gurobi.log"
Academic license - for non-commercial use only - registered to a.e.pieruzzi@student.tudelft.nl
Using license file /home/apieruzzi/gurobi.lic

Gurobi 10.0.1 (linux64, gurobi_cl) logging started Fri Sep 22 17:09:46 2023

Set parameter WLSAccessID
Set parameter WLSSecret
Set parameter LicenseID to value 2380096
Set parameter LogFile to value "gurobi.log"
Academic license - for non-commercial use only - registered to a.e.pieruzzi@student.tudelft.nl
Using license file /home/apieruzzi/gurobi.lic

Gurobi 10.0.1 (linux64, gurobi_cl) logging started Fri Sep 22 17:09:52 2023

Set parameter WLSAccessID
Set parameter WLSSecret
Set parameter LicenseID to value 2380096
Set parameter LogFile to value "gurobi.log"
Academic license - for non-commercial use only - registered to a.e.pieruzzi@student.tudelft.nl
Using license file /home/apieruzzi/gurobi.lic

Gurobi 10.0.1 (linux64, gurobi_cl) logging started Tue Sep 26 10:29:22 2023

Set parameter WLSAccessID
Set parameter WLSSecret
Set parameter LicenseID to value 2380096
Set parameter LogFile to value "gurobi.log"
Academic license - for non-commercial use only - registered to a.e.pieruzzi@student.tudelft.nl
Using license file /home/apieruzzi/gurobi.lic

Gurobi 10.0.1 (linux64, gurobi_cl) logging started Tue Sep 26 10:31:24 2023

Set parameter WLSAccessID
Set parameter WLSSecret
Set parameter LicenseID to value 2380096
Set parameter LogFile to value "gurobi.log"
Academic license - for non-commercial use only - registered to a.e.pieruzzi@student.tudelft.nl
Using license file /home/apieruzzi/gurobi.lic

Gurobi 10.0.1 (linux64, gurobi_cl) logging started Tue Sep 26 10:31:55 2023

Set parameter WLSAccessID
Set parameter WLSSecret
Set parameter LicenseID to value 2380096
Set parameter LogFile to value "gurobi.log"
Academic license - for non-commercial use only - registered to a.e.pieruzzi@student.tudelft.nl
Using license file /home/apieruzzi/gurobi.lic

Gurobi 10.0.1 (linux64, gurobi_cl) logging started Tue Sep 26 10:33:29 2023

Set parameter WLSAccessID
Set parameter WLSSecret
Set parameter LicenseID to value 2380096
Set parameter LogFile to value "gurobi.log"
Academic license - for non-commercial use only - registered to a.e.pieruzzi@student.tudelft.nl
Using license file /home/apieruzzi/gurobi.lic

Gurobi 10.0.1 (linux64, gurobi_cl) logging started Tue Sep 26 10:33:58 2023

Set parameter WLSAccessID
Set parameter WLSSecret
Set parameter LicenseID to value 2380096
Set parameter LogFile to value "gurobi.log"
Academic license - for non-commercial use only - registered to a.e.pieruzzi@student.tudelft.nl
Using license file /home/apieruzzi/gurobi.lic

Gurobi 10.0.1 (linux64, gurobi_cl) logging started Tue Sep 26 10:35:46 2023

Set parameter WLSAccessID
Set parameter WLSSecret
Set parameter LicenseID to value 2380096
Set parameter LogFile to value "gurobi.log"
Academic license - for non-commercial use only - registered to a.e.pieruzzi@student.tudelft.nl
Using license file /home/apieruzzi/gurobi.lic

Gurobi 10.0.1 (linux64, gurobi_cl) logging started Tue Sep 26 10:35:53 2023

Set parameter WLSAccessID
Set parameter WLSSecret
Set parameter LicenseID to value 2380096
Set parameter LogFile to value "gurobi.log"
Academic license - for non-commercial use only - registered to a.e.pieruzzi@student.tudelft.nl
Using license file /home/apieruzzi/gurobi.lic

Gurobi 10.0.1 (linux64, gurobi_cl) logging started Tue Sep 26 10:36:31 2023

Set parameter WLSAccessID
Set parameter WLSSecret
Set parameter LicenseID to value 2380096
Set parameter LogFile to value "gurobi.log"
Academic license - for non-commercial use only - registered to a.e.pieruzzi@student.tudelft.nl
Using license file /home/apieruzzi/gurobi.lic

Gurobi 10.0.1 (linux64, gurobi_cl) logging started Tue Sep 26 10:42:25 2023

Set parameter WLSAccessID
Set parameter WLSSecret
Set parameter LicenseID to value 2380096
Set parameter LogFile to value "gurobi.log"
Academic license - for non-commercial use only - registered to a.e.pieruzzi@student.tudelft.nl
Using license file /home/apieruzzi/gurobi.lic

Gurobi 10.0.1 (linux64, gurobi_cl) logging started Tue Sep 26 10:42:44 2023

Set parameter WLSAccessID
Set parameter WLSSecret
Set parameter LicenseID to value 2380096
Set parameter LogFile to value "gurobi.log"
Academic license - for non-commercial use only - registered to a.e.pieruzzi@student.tudelft.nl
Using license file /home/apieruzzi/gurobi.lic

Gurobi 10.0.1 (linux64, gurobi_cl) logging started Tue Sep 26 10:46:38 2023

Set parameter WLSAccessID
Set parameter WLSSecret
Set parameter LicenseID to value 2380096
Set parameter LogFile to value "gurobi.log"
Academic license - for non-commercial use only - registered to a.e.pieruzzi@student.tudelft.nl
Using license file /home/apieruzzi/gurobi.lic

Gurobi 10.0.1 (linux64, gurobi_cl) logging started Tue Sep 26 10:48:25 2023

Set parameter WLSAccessID
Set parameter WLSSecret
Set parameter LicenseID to value 2380096
Set parameter LogFile to value "gurobi.log"
Academic license - for non-commercial use only - registered to a.e.pieruzzi@student.tudelft.nl
Using license file /home/apieruzzi/gurobi.lic

Gurobi 10.0.1 (linux64, gurobi_cl) logging started Tue Sep 26 10:48:41 2023

Set parameter WLSAccessID
Set parameter WLSSecret
Set parameter LicenseID to value 2380096
Set parameter LogFile to value "gurobi.log"
Academic license - for non-commercial use only - registered to a.e.pieruzzi@student.tudelft.nl
Using license file /home/apieruzzi/gurobi.lic

Gurobi 10.0.1 (linux64, gurobi_cl) logging started Tue Sep 26 10:55:36 2023

Set parameter WLSAccessID
Set parameter WLSSecret
Set parameter LicenseID to value 2380096
Set parameter LogFile to value "gurobi.log"
Academic license - for non-commercial use only - registered to a.e.pieruzzi@student.tudelft.nl
Using license file /home/apieruzzi/gurobi.lic

Gurobi 10.0.1 (linux64, gurobi_cl) logging started Tue Sep 26 10:56:02 2023

Set parameter WLSAccessID
Set parameter WLSSecret
Set parameter LicenseID to value 2380096
Set parameter LogFile to value "gurobi.log"
Academic license - for non-commercial use only - registered to a.e.pieruzzi@student.tudelft.nl
Using license file /home/apieruzzi/gurobi.lic

Gurobi 10.0.1 (linux64, gurobi_cl) logging started Tue Sep 26 10:59:33 2023

Set parameter WLSAccessID
Set parameter WLSSecret
Set parameter LicenseID to value 2380096
Set parameter LogFile to value "gurobi.log"
Academic license - for non-commercial use only - registered to a.e.pieruzzi@student.tudelft.nl
Using license file /home/apieruzzi/gurobi.lic

Gurobi 10.0.1 (linux64, gurobi_cl) logging started Tue Sep 26 11:07:02 2023

Set parameter WLSAccessID
Set parameter WLSSecret
Set parameter LicenseID to value 2380096
Set parameter LogFile to value "gurobi.log"
Academic license - for non-commercial use only - registered to a.e.pieruzzi@student.tudelft.nl
Using license file /home/apieruzzi/gurobi.lic

Gurobi 10.0.1 (linux64, gurobi_cl) logging started Tue Sep 26 11:07:39 2023

Set parameter WLSAccessID
Set parameter WLSSecret
Set parameter LicenseID to value 2380096
Set parameter LogFile to value "gurobi.log"
Academic license - for non-commercial use only - registered to a.e.pieruzzi@student.tudelft.nl
Using license file /home/apieruzzi/gurobi.lic

Gurobi 10.0.1 (linux64, gurobi_cl) logging started Tue Sep 26 11:07:59 2023

Set parameter WLSAccessID
Set parameter WLSSecret
Set parameter LicenseID to value 2380096
Set parameter LogFile to value "gurobi.log"
Academic license - for non-commercial use only - registered to a.e.pieruzzi@student.tudelft.nl
Using license file /home/apieruzzi/gurobi.lic

Gurobi 10.0.1 (linux64, gurobi_cl) logging started Tue Sep 26 11:08:13 2023

Set parameter WLSAccessID
Set parameter WLSSecret
Set parameter LicenseID to value 2380096
Set parameter LogFile to value "gurobi.log"
Academic license - for non-commercial use only - registered to a.e.pieruzzi@student.tudelft.nl
Using license file /home/apieruzzi/gurobi.lic

Gurobi 10.0.1 (linux64, gurobi_cl) logging started Tue Sep 26 11:09:00 2023

Set parameter WLSAccessID
Set parameter WLSSecret
Set parameter LicenseID to value 2380096
Set parameter LogFile to value "gurobi.log"
Academic license - for non-commercial use only - registered to a.e.pieruzzi@student.tudelft.nl
Using license file /home/apieruzzi/gurobi.lic

Gurobi 10.0.1 (linux64, gurobi_cl) logging started Tue Sep 26 11:09:15 2023

Set parameter WLSAccessID
Set parameter WLSSecret
Set parameter LicenseID to value 2380096
Set parameter LogFile to value "gurobi.log"
Academic license - for non-commercial use only - registered to a.e.pieruzzi@student.tudelft.nl
Using license file /home/apieruzzi/gurobi.lic

Gurobi 10.0.1 (linux64, gurobi_cl) logging started Tue Sep 26 11:09:31 2023

Set parameter WLSAccessID
Set parameter WLSSecret
Set parameter LicenseID to value 2380096
Set parameter LogFile to value "gurobi.log"
Academic license - for non-commercial use only - registered to a.e.pieruzzi@student.tudelft.nl
Using license file /home/apieruzzi/gurobi.lic

Gurobi 10.0.1 (linux64, gurobi_cl) logging started Tue Sep 26 11:41:40 2023

Set parameter WLSAccessID
Set parameter WLSSecret
Set parameter LicenseID to value 2380096
Set parameter LogFile to value "gurobi.log"
Academic license - for non-commercial use only - registered to a.e.pieruzzi@student.tudelft.nl
Using license file /home/apieruzzi/gurobi.lic

Gurobi 10.0.1 (linux64, gurobi_cl) logging started Tue Sep 26 11:42:15 2023

Set parameter WLSAccessID
Set parameter WLSSecret
Set parameter LicenseID to value 2380096
Set parameter LogFile to value "gurobi.log"
Academic license - for non-commercial use only - registered to a.e.pieruzzi@student.tudelft.nl
Using license file /home/apieruzzi/gurobi.lic

Gurobi 10.0.1 (linux64, gurobi_cl) logging started Tue Sep 26 11:43:43 2023

Set parameter WLSAccessID
Set parameter WLSSecret
Set parameter LicenseID to value 2380096
Set parameter LogFile to value "gurobi.log"
Academic license - for non-commercial use only - registered to a.e.pieruzzi@student.tudelft.nl
Using license file /home/apieruzzi/gurobi.lic

Gurobi 10.0.1 (linux64, gurobi_cl) logging started Tue Sep 26 11:44:19 2023

Set parameter WLSAccessID
Set parameter WLSSecret
Set parameter LicenseID to value 2380096
Set parameter LogFile to value "gurobi.log"
Academic license - for non-commercial use only - registered to a.e.pieruzzi@student.tudelft.nl
Using license file /home/apieruzzi/gurobi.lic

Gurobi 10.0.1 (linux64, gurobi_cl) logging started Tue Sep 26 11:44:36 2023

Set parameter WLSAccessID
Set parameter WLSSecret
Set parameter LicenseID to value 2380096
Set parameter LogFile to value "gurobi.log"
Academic license - for non-commercial use only - registered to a.e.pieruzzi@student.tudelft.nl
Using license file /home/apieruzzi/gurobi.lic

Gurobi 10.0.1 (linux64, gurobi_cl) logging started Tue Sep 26 11:45:37 2023

Set parameter WLSAccessID
Set parameter WLSSecret
Set parameter LicenseID to value 2380096
Set parameter LogFile to value "gurobi.log"
Academic license - for non-commercial use only - registered to a.e.pieruzzi@student.tudelft.nl
Using license file /home/apieruzzi/gurobi.lic

Gurobi 10.0.1 (linux64, gurobi_cl) logging started Tue Sep 26 11:45:46 2023

Set parameter WLSAccessID
Set parameter WLSSecret
Set parameter LicenseID to value 2380096
Set parameter LogFile to value "gurobi.log"
Academic license - for non-commercial use only - registered to a.e.pieruzzi@student.tudelft.nl
Using license file /home/apieruzzi/gurobi.lic

Gurobi 10.0.1 (linux64, gurobi_cl) logging started Tue Sep 26 11:47:45 2023

Set parameter WLSAccessID
Set parameter WLSSecret
Set parameter LicenseID to value 2380096
Set parameter LogFile to value "gurobi.log"
Academic license - for non-commercial use only - registered to a.e.pieruzzi@student.tudelft.nl
Using license file /home/apieruzzi/gurobi.lic

Gurobi 10.0.1 (linux64, gurobi_cl) logging started Tue Sep 26 11:48:33 2023

Set parameter WLSAccessID
Set parameter WLSSecret
Set parameter LicenseID to value 2380096
Set parameter LogFile to value "gurobi.log"
Academic license - for non-commercial use only - registered to a.e.pieruzzi@student.tudelft.nl
Using license file /home/apieruzzi/gurobi.lic

Gurobi 10.0.1 (linux64, gurobi_cl) logging started Tue Sep 26 11:48:53 2023

Set parameter WLSAccessID
Set parameter WLSSecret
Set parameter LicenseID to value 2380096
Set parameter LogFile to value "gurobi.log"
Academic license - for non-commercial use only - registered to a.e.pieruzzi@student.tudelft.nl
Using license file /home/apieruzzi/gurobi.lic

Gurobi 10.0.1 (linux64, gurobi_cl) logging started Tue Sep 26 11:52:44 2023

Set parameter WLSAccessID
Set parameter WLSSecret
Set parameter LicenseID to value 2380096
Set parameter LogFile to value "gurobi.log"
Academic license - for non-commercial use only - registered to a.e.pieruzzi@student.tudelft.nl
Using license file /home/apieruzzi/gurobi.lic

Gurobi 10.0.1 (linux64, gurobi_cl) logging started Tue Sep 26 12:38:33 2023

Set parameter WLSAccessID
Set parameter WLSSecret
Set parameter LicenseID to value 2380096
Set parameter LogFile to value "gurobi.log"
Academic license - for non-commercial use only - registered to a.e.pieruzzi@student.tudelft.nl
Using license file /home/apieruzzi/gurobi.lic

Gurobi 10.0.1 (linux64, gurobi_cl) logging started Tue Sep 26 12:40:46 2023

Set parameter WLSAccessID
Set parameter WLSSecret
Set parameter LicenseID to value 2380096
Set parameter LogFile to value "gurobi.log"
Academic license - for non-commercial use only - registered to a.e.pieruzzi@student.tudelft.nl
Using license file /home/apieruzzi/gurobi.lic

Gurobi 10.0.1 (linux64, gurobi_cl) logging started Tue Sep 26 12:44:11 2023

Set parameter WLSAccessID
Set parameter WLSSecret
Set parameter LicenseID to value 2380096
Set parameter LogFile to value "gurobi.log"
Academic license - for non-commercial use only - registered to a.e.pieruzzi@student.tudelft.nl
Using license file /home/apieruzzi/gurobi.lic

Gurobi 10.0.1 (linux64, gurobi_cl) logging started Tue Sep 26 12:44:28 2023

Set parameter WLSAccessID
Set parameter WLSSecret
Set parameter LicenseID to value 2380096
Set parameter LogFile to value "gurobi.log"
Academic license - for non-commercial use only - registered to a.e.pieruzzi@student.tudelft.nl
Using license file /home/apieruzzi/gurobi.lic

Gurobi 10.0.1 (linux64, gurobi_cl) logging started Tue Sep 26 12:46:08 2023

Set parameter WLSAccessID
Set parameter WLSSecret
Set parameter LicenseID to value 2380096
Set parameter LogFile to value "gurobi.log"
Academic license - for non-commercial use only - registered to a.e.pieruzzi@student.tudelft.nl
Using license file /home/apieruzzi/gurobi.lic

Gurobi 10.0.1 (linux64, gurobi_cl) logging started Tue Sep 26 12:51:33 2023

Set parameter WLSAccessID
Set parameter WLSSecret
Set parameter LicenseID to value 2380096
Set parameter LogFile to value "gurobi.log"
Academic license - for non-commercial use only - registered to a.e.pieruzzi@student.tudelft.nl
Using license file /home/apieruzzi/gurobi.lic

Gurobi 10.0.1 (linux64, gurobi_cl) logging started Tue Sep 26 13:01:24 2023

Set parameter WLSAccessID
Set parameter WLSSecret
Set parameter LicenseID to value 2380096
Set parameter LogFile to value "gurobi.log"
Academic license - for non-commercial use only - registered to a.e.pieruzzi@student.tudelft.nl
Using license file /home/apieruzzi/gurobi.lic

Gurobi 10.0.1 (linux64, gurobi_cl) logging started Tue Sep 26 13:08:46 2023

Set parameter WLSAccessID
Set parameter WLSSecret
Set parameter LicenseID to value 2380096
Set parameter LogFile to value "gurobi.log"
Academic license - for non-commercial use only - registered to a.e.pieruzzi@student.tudelft.nl
Using license file /home/apieruzzi/gurobi.lic

Gurobi 10.0.1 (linux64, gurobi_cl) logging started Tue Sep 26 13:10:41 2023

Set parameter WLSAccessID
Set parameter WLSSecret
Set parameter LicenseID to value 2380096
Set parameter LogFile to value "gurobi.log"
Academic license - for non-commercial use only - registered to a.e.pieruzzi@student.tudelft.nl
Using license file /home/apieruzzi/gurobi.lic

Gurobi 10.0.1 (linux64, gurobi_cl) logging started Tue Sep 26 13:13:09 2023

Set parameter WLSAccessID
Set parameter WLSSecret
Set parameter LicenseID to value 2380096
Set parameter LogFile to value "gurobi.log"
Academic license - for non-commercial use only - registered to a.e.pieruzzi@student.tudelft.nl
Using license file /home/apieruzzi/gurobi.lic

Gurobi 10.0.1 (linux64, gurobi_cl) logging started Tue Sep 26 13:14:17 2023

Set parameter WLSAccessID
Set parameter WLSSecret
Set parameter LicenseID to value 2380096
Set parameter LogFile to value "gurobi.log"
Academic license - for non-commercial use only - registered to a.e.pieruzzi@student.tudelft.nl
Using license file /home/apieruzzi/gurobi.lic

Gurobi 10.0.1 (linux64, gurobi_cl) logging started Tue Sep 26 13:14:55 2023

Set parameter WLSAccessID
Set parameter WLSSecret
Set parameter LicenseID to value 2380096
Set parameter LogFile to value "gurobi.log"
Academic license - for non-commercial use only - registered to a.e.pieruzzi@student.tudelft.nl
Using license file /home/apieruzzi/gurobi.lic

Gurobi 10.0.1 (linux64, gurobi_cl) logging started Tue Sep 26 13:16:30 2023

Set parameter WLSAccessID
Set parameter WLSSecret
Set parameter LicenseID to value 2380096
Set parameter LogFile to value "gurobi.log"
Academic license - for non-commercial use only - registered to a.e.pieruzzi@student.tudelft.nl
Using license file /home/apieruzzi/gurobi.lic

Gurobi 10.0.1 (linux64, gurobi_cl) logging started Tue Sep 26 13:17:27 2023

Set parameter WLSAccessID
Set parameter WLSSecret
Set parameter LicenseID to value 2380096
Set parameter LogFile to value "gurobi.log"
Academic license - for non-commercial use only - registered to a.e.pieruzzi@student.tudelft.nl
Using license file /home/apieruzzi/gurobi.lic

Gurobi 10.0.1 (linux64, gurobi_cl) logging started Tue Sep 26 13:21:07 2023

Set parameter WLSAccessID
Set parameter WLSSecret
Set parameter LicenseID to value 2380096
Set parameter LogFile to value "gurobi.log"
Academic license - for non-commercial use only - registered to a.e.pieruzzi@student.tudelft.nl
Using license file /home/apieruzzi/gurobi.lic

Gurobi 10.0.1 (linux64, gurobi_cl) logging started Wed Sep 27 14:52:18 2023

Set parameter WLSAccessID
Set parameter WLSSecret
Set parameter LicenseID to value 2380096
Set parameter LogFile to value "gurobi.log"
Academic license - for non-commercial use only - registered to a.e.pieruzzi@student.tudelft.nl
Using license file /home/apieruzzi/gurobi.lic

Gurobi 10.0.1 (linux64, gurobi_cl) logging started Wed Sep 27 14:52:43 2023

Set parameter WLSAccessID
Set parameter WLSSecret
Set parameter LicenseID to value 2380096
Set parameter LogFile to value "gurobi.log"
Academic license - for non-commercial use only - registered to a.e.pieruzzi@student.tudelft.nl
Using license file /home/apieruzzi/gurobi.lic

Gurobi 10.0.1 (linux64, gurobi_cl) logging started Wed Sep 27 14:54:05 2023

Set parameter WLSAccessID
Set parameter WLSSecret
Set parameter LicenseID to value 2380096
Set parameter LogFile to value "gurobi.log"
Academic license - for non-commercial use only - registered to a.e.pieruzzi@student.tudelft.nl
Using license file /home/apieruzzi/gurobi.lic

Gurobi 10.0.1 (linux64, gurobi_cl) logging started Wed Sep 27 14:55:01 2023

Set parameter WLSAccessID
Set parameter WLSSecret
Set parameter LicenseID to value 2380096
Set parameter LogFile to value "gurobi.log"
Academic license - for non-commercial use only - registered to a.e.pieruzzi@student.tudelft.nl
Using license file /home/apieruzzi/gurobi.lic

Gurobi 10.0.1 (linux64, gurobi_cl) logging started Wed Sep 27 14:55:17 2023

Set parameter WLSAccessID
Set parameter WLSSecret
Set parameter LicenseID to value 2380096
Set parameter LogFile to value "gurobi.log"
Academic license - for non-commercial use only - registered to a.e.pieruzzi@student.tudelft.nl
Using license file /home/apieruzzi/gurobi.lic

Gurobi 10.0.1 (linux64, gurobi_cl) logging started Wed Sep 27 14:55:36 2023

Set parameter WLSAccessID
Set parameter WLSSecret
Set parameter LicenseID to value 2380096
Set parameter LogFile to value "gurobi.log"
Academic license - for non-commercial use only - registered to a.e.pieruzzi@student.tudelft.nl
Using license file /home/apieruzzi/gurobi.lic

Gurobi 10.0.1 (linux64, gurobi_cl) logging started Wed Sep 27 14:57:14 2023

Set parameter WLSAccessID
Set parameter WLSSecret
Set parameter LicenseID to value 2380096
Set parameter LogFile to value "gurobi.log"
Academic license - for non-commercial use only - registered to a.e.pieruzzi@student.tudelft.nl
Using license file /home/apieruzzi/gurobi.lic

Gurobi 10.0.1 (linux64, gurobi_cl) logging started Wed Sep 27 14:57:54 2023

Set parameter WLSAccessID
Set parameter WLSSecret
Set parameter LicenseID to value 2380096
Set parameter LogFile to value "gurobi.log"
Academic license - for non-commercial use only - registered to a.e.pieruzzi@student.tudelft.nl
Using license file /home/apieruzzi/gurobi.lic

Gurobi 10.0.1 (linux64, gurobi_cl) logging started Wed Sep 27 14:58:15 2023

Set parameter WLSAccessID
Set parameter WLSSecret
Set parameter LicenseID to value 2380096
Set parameter LogFile to value "gurobi.log"
Academic license - for non-commercial use only - registered to a.e.pieruzzi@student.tudelft.nl
Using license file /home/apieruzzi/gurobi.lic

Gurobi 10.0.1 (linux64, gurobi_cl) logging started Wed Sep 27 14:58:37 2023

Set parameter WLSAccessID
Set parameter WLSSecret
Set parameter LicenseID to value 2380096
Set parameter LogFile to value "gurobi.log"
Academic license - for non-commercial use only - registered to a.e.pieruzzi@student.tudelft.nl
Using license file /home/apieruzzi/gurobi.lic

Gurobi 10.0.1 (linux64, gurobi_cl) logging started Wed Sep 27 14:59:08 2023

Set parameter WLSAccessID
Set parameter WLSSecret
Set parameter LicenseID to value 2380096
Set parameter LogFile to value "gurobi.log"
Academic license - for non-commercial use only - registered to a.e.pieruzzi@student.tudelft.nl
Using license file /home/apieruzzi/gurobi.lic

Gurobi 10.0.1 (linux64, gurobi_cl) logging started Wed Sep 27 15:00:50 2023

Set parameter WLSAccessID
Set parameter WLSSecret
Set parameter LicenseID to value 2380096
Set parameter LogFile to value "gurobi.log"
Academic license - for non-commercial use only - registered to a.e.pieruzzi@student.tudelft.nl
Using license file /home/apieruzzi/gurobi.lic

Gurobi 10.0.1 (linux64, gurobi_cl) logging started Wed Sep 27 15:01:15 2023

Set parameter WLSAccessID
Set parameter WLSSecret
Set parameter LicenseID to value 2380096
Set parameter LogFile to value "gurobi.log"
Academic license - for non-commercial use only - registered to a.e.pieruzzi@student.tudelft.nl
Using license file /home/apieruzzi/gurobi.lic

Gurobi 10.0.1 (linux64, gurobi_cl) logging started Wed Sep 27 15:03:14 2023

Set parameter WLSAccessID
Set parameter WLSSecret
Set parameter LicenseID to value 2380096
Set parameter LogFile to value "gurobi.log"
Academic license - for non-commercial use only - registered to a.e.pieruzzi@student.tudelft.nl
Using license file /home/apieruzzi/gurobi.lic

Gurobi 10.0.1 (linux64, gurobi_cl) logging started Wed Sep 27 15:04:46 2023

Set parameter WLSAccessID
Set parameter WLSSecret
Set parameter LicenseID to value 2380096
Set parameter LogFile to value "gurobi.log"
Academic license - for non-commercial use only - registered to a.e.pieruzzi@student.tudelft.nl
Using license file /home/apieruzzi/gurobi.lic

Gurobi 10.0.1 (linux64, gurobi_cl) logging started Wed Sep 27 15:05:06 2023

Set parameter WLSAccessID
Set parameter WLSSecret
Set parameter LicenseID to value 2380096
Set parameter LogFile to value "gurobi.log"
Academic license - for non-commercial use only - registered to a.e.pieruzzi@student.tudelft.nl
Using license file /home/apieruzzi/gurobi.lic

Gurobi 10.0.1 (linux64, gurobi_cl) logging started Wed Sep 27 15:11:51 2023

Set parameter WLSAccessID
Set parameter WLSSecret
Set parameter LicenseID to value 2380096
Set parameter LogFile to value "gurobi.log"
Academic license - for non-commercial use only - registered to a.e.pieruzzi@student.tudelft.nl
Using license file /home/apieruzzi/gurobi.lic

Gurobi 10.0.1 (linux64, gurobi_cl) logging started Wed Sep 27 15:12:43 2023

Set parameter WLSAccessID
Set parameter WLSSecret
Set parameter LicenseID to value 2380096
Set parameter LogFile to value "gurobi.log"
Academic license - for non-commercial use only - registered to a.e.pieruzzi@student.tudelft.nl
Using license file /home/apieruzzi/gurobi.lic

Gurobi 10.0.1 (linux64, gurobi_cl) logging started Wed Sep 27 15:17:37 2023

Set parameter WLSAccessID
Set parameter WLSSecret
Set parameter LicenseID to value 2380096
Set parameter LogFile to value "gurobi.log"
Academic license - for non-commercial use only - registered to a.e.pieruzzi@student.tudelft.nl
Using license file /home/apieruzzi/gurobi.lic

Gurobi 10.0.1 (linux64, gurobi_cl) logging started Wed Sep 27 15:21:17 2023

Set parameter WLSAccessID
Set parameter WLSSecret
Set parameter LicenseID to value 2380096
Set parameter LogFile to value "gurobi.log"
Academic license - for non-commercial use only - registered to a.e.pieruzzi@student.tudelft.nl
Using license file /home/apieruzzi/gurobi.lic

Gurobi 10.0.1 (linux64, gurobi_cl) logging started Fri Sep 29 12:20:29 2023

Set parameter WLSAccessID
Set parameter WLSSecret
Set parameter LicenseID to value 2380096
Set parameter LogFile to value "gurobi.log"
Academic license - for non-commercial use only - registered to a.e.pieruzzi@student.tudelft.nl
Using license file /home/apieruzzi/gurobi.lic

Gurobi 10.0.1 (linux64, gurobi_cl) logging started Fri Sep 29 12:21:41 2023

Set parameter WLSAccessID
Set parameter WLSSecret
Set parameter LicenseID to value 2380096
Set parameter LogFile to value "gurobi.log"
Academic license - for non-commercial use only - registered to a.e.pieruzzi@student.tudelft.nl
Using license file /home/apieruzzi/gurobi.lic

Gurobi 10.0.1 (linux64, gurobi_cl) logging started Fri Sep 29 12:31:40 2023

Set parameter WLSAccessID
Set parameter WLSSecret
Set parameter LicenseID to value 2380096
Set parameter LogFile to value "gurobi.log"
Academic license - for non-commercial use only - registered to a.e.pieruzzi@student.tudelft.nl
Using license file /home/apieruzzi/gurobi.lic

Gurobi 10.0.1 (linux64, gurobi_cl) logging started Fri Sep 29 12:48:14 2023

Set parameter WLSAccessID
Set parameter WLSSecret
Set parameter LicenseID to value 2380096
Set parameter LogFile to value "gurobi.log"
Academic license - for non-commercial use only - registered to a.e.pieruzzi@student.tudelft.nl
Using license file /home/apieruzzi/gurobi.lic

Gurobi 10.0.1 (linux64, gurobi_cl) logging started Fri Sep 29 14:04:49 2023

Set parameter WLSAccessID
Set parameter WLSSecret
Set parameter LicenseID to value 2380096
Set parameter LogFile to value "gurobi.log"
Academic license - for non-commercial use only - registered to a.e.pieruzzi@student.tudelft.nl
Using license file /home/apieruzzi/gurobi.lic

Gurobi 10.0.1 (linux64, gurobi_cl) logging started Fri Sep 29 14:12:27 2023

Set parameter WLSAccessID
Set parameter WLSSecret
Set parameter LicenseID to value 2380096
Set parameter LogFile to value "gurobi.log"
Academic license - for non-commercial use only - registered to a.e.pieruzzi@student.tudelft.nl
Using license file /home/apieruzzi/gurobi.lic

Gurobi 10.0.1 (linux64, gurobi_cl) logging started Fri Sep 29 14:21:40 2023

Set parameter WLSAccessID
Set parameter WLSSecret
Set parameter LicenseID to value 2380096
Set parameter LogFile to value "gurobi.log"
Academic license - for non-commercial use only - registered to a.e.pieruzzi@student.tudelft.nl
Using license file /home/apieruzzi/gurobi.lic

Gurobi 10.0.1 (linux64, gurobi_cl) logging started Fri Sep 29 14:29:36 2023

Set parameter WLSAccessID
Set parameter WLSSecret
Set parameter LicenseID to value 2380096
Set parameter LogFile to value "gurobi.log"
Academic license - for non-commercial use only - registered to a.e.pieruzzi@student.tudelft.nl
Using license file /home/apieruzzi/gurobi.lic

Gurobi 10.0.1 (linux64, gurobi_cl) logging started Fri Sep 29 16:17:46 2023

Set parameter WLSAccessID
Set parameter WLSSecret
Set parameter LicenseID to value 2380096
Set parameter LogFile to value "gurobi.log"
Academic license - for non-commercial use only - registered to a.e.pieruzzi@student.tudelft.nl
Using license file /home/apieruzzi/gurobi.lic

Gurobi 10.0.1 (linux64, gurobi_cl) logging started Fri Sep 29 18:17:44 2023

Set parameter WLSAccessID
Set parameter WLSSecret
Set parameter LicenseID to value 2380096
Set parameter LogFile to value "gurobi.log"
Academic license - for non-commercial use only - registered to a.e.pieruzzi@student.tudelft.nl
Using license file /home/apieruzzi/gurobi.lic

Gurobi 10.0.1 (linux64, gurobi_cl) logging started Sat Sep 30 12:26:52 2023

Set parameter WLSAccessID
Set parameter WLSSecret
Set parameter LicenseID to value 2380096
Set parameter LogFile to value "gurobi.log"
Academic license - for non-commercial use only - registered to a.e.pieruzzi@student.tudelft.nl
Using license file /home/apieruzzi/gurobi.lic

Gurobi 10.0.1 (linux64, gurobi_cl) logging started Sun Oct  1 12:32:38 2023

Set parameter WLSAccessID
Set parameter WLSSecret
Set parameter LicenseID to value 2380096
Set parameter LogFile to value "gurobi.log"
Academic license - for non-commercial use only - registered to a.e.pieruzzi@student.tudelft.nl
Using license file /home/apieruzzi/gurobi.lic

Gurobi 10.0.1 (linux64, gurobi_cl) logging started Sun Oct  1 14:48:14 2023

Set parameter WLSAccessID
Set parameter WLSSecret
Set parameter LicenseID to value 2380096
Set parameter LogFile to value "gurobi.log"
Academic license - for non-commercial use only - registered to a.e.pieruzzi@student.tudelft.nl
Using license file /home/apieruzzi/gurobi.lic

Gurobi 10.0.1 (linux64, gurobi_cl) logging started Sun Oct  1 14:54:10 2023

Set parameter WLSAccessID
Set parameter WLSSecret
Set parameter LicenseID to value 2380096
Set parameter LogFile to value "gurobi.log"
Academic license - for non-commercial use only - registered to a.e.pieruzzi@student.tudelft.nl
Using license file /home/apieruzzi/gurobi.lic

Gurobi 10.0.1 (linux64, gurobi_cl) logging started Thu Oct  5 10:01:21 2023

Set parameter WLSAccessID
Set parameter WLSSecret
Set parameter LicenseID to value 2380096
Set parameter LogFile to value "gurobi.log"
Academic license - for non-commercial use only - registered to a.e.pieruzzi@student.tudelft.nl
Using license file /home/apieruzzi/gurobi.lic

Gurobi 10.0.1 (linux64, gurobi_cl) logging started Thu Oct  5 10:02:39 2023

Set parameter WLSAccessID
Set parameter WLSSecret
Set parameter LicenseID to value 2380096
Set parameter LogFile to value "gurobi.log"
Academic license - for non-commercial use only - registered to a.e.pieruzzi@student.tudelft.nl
Using license file /home/apieruzzi/gurobi.lic

Gurobi 10.0.1 (linux64, gurobi_cl) logging started Thu Oct  5 10:11:09 2023

Set parameter WLSAccessID
Set parameter WLSSecret
Set parameter LicenseID to value 2380096
Set parameter LogFile to value "gurobi.log"
Academic license - for non-commercial use only - registered to a.e.pieruzzi@student.tudelft.nl
Using license file /home/apieruzzi/gurobi.lic

Gurobi 10.0.1 (linux64, gurobi_cl) logging started Thu Oct  5 10:12:32 2023

Set parameter WLSAccessID
Set parameter WLSSecret
Set parameter LicenseID to value 2380096
Set parameter LogFile to value "gurobi.log"
Academic license - for non-commercial use only - registered to a.e.pieruzzi@student.tudelft.nl
Using license file /home/apieruzzi/gurobi.lic

Gurobi 10.0.1 (linux64, gurobi_cl) logging started Thu Oct  5 10:17:32 2023

Set parameter WLSAccessID
Set parameter WLSSecret
Set parameter LicenseID to value 2380096
Set parameter LogFile to value "gurobi.log"
Academic license - for non-commercial use only - registered to a.e.pieruzzi@student.tudelft.nl
Using license file /home/apieruzzi/gurobi.lic

Gurobi 10.0.1 (linux64, gurobi_cl) logging started Thu Oct  5 10:18:08 2023

Set parameter WLSAccessID
Set parameter WLSSecret
Set parameter LicenseID to value 2380096
Set parameter LogFile to value "gurobi.log"
Academic license - for non-commercial use only - registered to a.e.pieruzzi@student.tudelft.nl
Using license file /home/apieruzzi/gurobi.lic

Gurobi 10.0.1 (linux64, gurobi_cl) logging started Thu Oct  5 10:41:55 2023

Set parameter WLSAccessID
Set parameter WLSSecret
Set parameter LicenseID to value 2380096
Set parameter LogFile to value "gurobi.log"
Academic license - for non-commercial use only - registered to a.e.pieruzzi@student.tudelft.nl
Using license file /home/apieruzzi/gurobi.lic

Gurobi 10.0.1 (linux64, gurobi_cl) logging started Thu Oct  5 11:55:46 2023

Set parameter WLSAccessID
Set parameter WLSSecret
Set parameter LicenseID to value 2380096
Set parameter LogFile to value "gurobi.log"
Academic license - for non-commercial use only - registered to a.e.pieruzzi@student.tudelft.nl
Using license file /home/apieruzzi/gurobi.lic

Gurobi 10.0.1 (linux64, gurobi_cl) logging started Thu Oct  5 12:19:41 2023

Set parameter WLSAccessID
Set parameter WLSSecret
Set parameter LicenseID to value 2380096
Set parameter LogFile to value "gurobi.log"
Academic license - for non-commercial use only - registered to a.e.pieruzzi@student.tudelft.nl
Using license file /home/apieruzzi/gurobi.lic

Gurobi 10.0.1 (linux64, gurobi_cl) logging started Thu Oct  5 12:37:54 2023

Set parameter WLSAccessID
Set parameter WLSSecret
Set parameter LicenseID to value 2380096
Set parameter LogFile to value "gurobi.log"
Academic license - for non-commercial use only - registered to a.e.pieruzzi@student.tudelft.nl
Using license file /home/apieruzzi/gurobi.lic

Gurobi 10.0.1 (linux64, gurobi_cl) logging started Thu Oct  5 13:54:38 2023

Set parameter WLSAccessID
Set parameter WLSSecret
Set parameter LicenseID to value 2380096
Set parameter LogFile to value "gurobi.log"
Academic license - for non-commercial use only - registered to a.e.pieruzzi@student.tudelft.nl
Using license file /home/apieruzzi/gurobi.lic

Gurobi 10.0.1 (linux64, gurobi_cl) logging started Thu Oct  5 14:02:40 2023

Set parameter WLSAccessID
Set parameter WLSSecret
Set parameter LicenseID to value 2380096
Set parameter LogFile to value "gurobi.log"
Academic license - for non-commercial use only - registered to a.e.pieruzzi@student.tudelft.nl
Using license file /home/apieruzzi/gurobi.lic

Gurobi 10.0.1 (linux64, gurobi_cl) logging started Thu Oct  5 14:03:04 2023

Set parameter WLSAccessID
Set parameter WLSSecret
Set parameter LicenseID to value 2380096
Set parameter LogFile to value "gurobi.log"
Academic license - for non-commercial use only - registered to a.e.pieruzzi@student.tudelft.nl
Using license file /home/apieruzzi/gurobi.lic

Gurobi 10.0.1 (linux64, gurobi_cl) logging started Thu Oct  5 14:03:45 2023

Set parameter WLSAccessID
Set parameter WLSSecret
Set parameter LicenseID to value 2380096
Set parameter LogFile to value "gurobi.log"
Academic license - for non-commercial use only - registered to a.e.pieruzzi@student.tudelft.nl
Using license file /home/apieruzzi/gurobi.lic

Gurobi 10.0.1 (linux64, gurobi_cl) logging started Thu Oct  5 14:30:10 2023

Set parameter WLSAccessID
Set parameter WLSSecret
Set parameter LicenseID to value 2380096
Set parameter LogFile to value "gurobi.log"
Academic license - for non-commercial use only - registered to a.e.pieruzzi@student.tudelft.nl
Using license file /home/apieruzzi/gurobi.lic

Gurobi 10.0.1 (linux64, gurobi_cl) logging started Thu Oct  5 14:33:17 2023

Set parameter WLSAccessID
Set parameter WLSSecret
Set parameter LicenseID to value 2380096
Set parameter LogFile to value "gurobi.log"
Academic license - for non-commercial use only - registered to a.e.pieruzzi@student.tudelft.nl
Using license file /home/apieruzzi/gurobi.lic

Gurobi 10.0.1 (linux64, gurobi_cl) logging started Thu Oct  5 14:39:47 2023

Set parameter WLSAccessID
Set parameter WLSSecret
Set parameter LicenseID to value 2380096
Set parameter LogFile to value "gurobi.log"
Academic license - for non-commercial use only - registered to a.e.pieruzzi@student.tudelft.nl
Using license file /home/apieruzzi/gurobi.lic

Gurobi 10.0.1 (linux64, gurobi_cl) logging started Thu Oct  5 14:42:24 2023

Set parameter WLSAccessID
Set parameter WLSSecret
Set parameter LicenseID to value 2380096
Set parameter LogFile to value "gurobi.log"
Academic license - for non-commercial use only - registered to a.e.pieruzzi@student.tudelft.nl
Using license file /home/apieruzzi/gurobi.lic

Gurobi 10.0.1 (linux64, gurobi_cl) logging started Thu Oct  5 14:50:48 2023

Set parameter WLSAccessID
Set parameter WLSSecret
Set parameter LicenseID to value 2380096
Set parameter LogFile to value "gurobi.log"
Academic license - for non-commercial use only - registered to a.e.pieruzzi@student.tudelft.nl
Using license file /home/apieruzzi/gurobi.lic

Gurobi 10.0.1 (linux64, gurobi_cl) logging started Thu Oct  5 14:50:56 2023

Set parameter WLSAccessID
Set parameter WLSSecret
Set parameter LicenseID to value 2380096
Set parameter LogFile to value "gurobi.log"
Academic license - for non-commercial use only - registered to a.e.pieruzzi@student.tudelft.nl
Using license file /home/apieruzzi/gurobi.lic

Gurobi 10.0.1 (linux64, gurobi_cl) logging started Thu Oct  5 15:08:30 2023

Set parameter WLSAccessID
Set parameter WLSSecret
Set parameter LicenseID to value 2380096
Set parameter LogFile to value "gurobi.log"
Academic license - for non-commercial use only - registered to a.e.pieruzzi@student.tudelft.nl
Using license file /home/apieruzzi/gurobi.lic

Gurobi 10.0.1 (linux64, gurobi_cl) logging started Thu Oct  5 17:02:57 2023

Set parameter WLSAccessID
Set parameter WLSSecret
Set parameter LicenseID to value 2380096
Set parameter LogFile to value "gurobi.log"
Academic license - for non-commercial use only - registered to a.e.pieruzzi@student.tudelft.nl
Using license file /home/apieruzzi/gurobi.lic

Gurobi 10.0.1 (linux64, gurobi_cl) logging started Thu Oct  5 17:05:01 2023

Set parameter WLSAccessID
Set parameter WLSSecret
Set parameter LicenseID to value 2380096
Set parameter LogFile to value "gurobi.log"
Academic license - for non-commercial use only - registered to a.e.pieruzzi@student.tudelft.nl
Using license file /home/apieruzzi/gurobi.lic
