Building DAG of jobs...
Using shell: /usr/bin/bash
Provided cores: 4
Rules claiming more threads will be scaled down.
Conda environments: ignored
Job stats:
job                   count    min threads    max threads
------------------  -------  -------------  -------------
all                       1              1              1
generate_lp_file          1              1              1
generate_pickle           3              1              1
generate_results          3              1              1
remove_zero_values        3              1              1
solve_lp                  3              2              2
total                    14              1              2

Select jobs to execute...

[Thu May 25 11:33:46 2023]
rule solve_lp:
    input: output_data/TEMBA_1.5.lp.gz
    output: output_data/TEMBA_1.5.sol
    log: output_data/gurobi_TEMBA_1.5.log
    jobid: 11
    reason: Missing output files: output_data/TEMBA_1.5.sol
    wildcards: model_run=TEMBA_1.5
    threads: 2
    resources: tmpdir=/tmp


[Thu May 25 11:33:46 2023]
rule solve_lp:
    input: output_data/TEMBA_Refer.lp.gz
    output: output_data/TEMBA_Refer.sol
    log: output_data/gurobi_TEMBA_Refer.log
    jobid: 4
    reason: Missing output files: output_data/TEMBA_Refer.sol
    wildcards: model_run=TEMBA_Refer
    threads: 2
    resources: tmpdir=/tmp

Write-protecting output file output_data/TEMBA_Refer.sol.
[Thu May 25 11:47:35 2023]
Finished job 4.
1 of 14 steps (7%) done
Select jobs to execute...

[Thu May 25 11:47:36 2023]
rule remove_zero_values:
    input: output_data/TEMBA_Refer.sol
    output: results/TEMBA_Refer.sol
    jobid: 3
    reason: Missing output files: results/TEMBA_Refer.sol; Input files updated by another job: output_data/TEMBA_Refer.sol
    wildcards: model_run=TEMBA_Refer
    resources: tmpdir=/tmp


[Thu May 25 11:47:36 2023]
rule generate_lp_file:
    input: output_data/TEMBA_2.0_modex.txt
    output: output_data/TEMBA_2.0.lp.gz
    log: output_data/glpsol_TEMBA_2.0.log
    jobid: 19
    reason: Missing output files: output_data/TEMBA_2.0.lp.gz
    wildcards: model_run=TEMBA_2.0
    resources: tmpdir=/tmp

[Thu May 25 11:48:09 2023]
Finished job 3.
2 of 14 steps (14%) done
Select jobs to execute...

[Thu May 25 11:48:09 2023]
rule generate_pickle:
    input: results/TEMBA_Refer.sol, output_data/TEMBA_Refer_modex.txt
    output: results/TEMBA_Refer.pickle, results/TEMBA_Refer
    jobid: 2
    reason: Missing output files: results/TEMBA_Refer.pickle; Input files updated by another job: results/TEMBA_Refer.sol
    wildcards: model_run=TEMBA_Refer
    resources: tmpdir=/tmp

[Thu May 25 11:48:18 2023]
Finished job 2.
3 of 14 steps (21%) done
Select jobs to execute...

[Thu May 25 11:48:18 2023]
rule generate_results:
    input: results/TEMBA_Refer.pickle
    output: results/export_TEMBA_Refer
    jobid: 1
    reason: Missing output files: results/export_TEMBA_Refer; Input files updated by another job: results/TEMBA_Refer.pickle
    wildcards: model_run=TEMBA_Refer
    resources: tmpdir=/tmp

Write-protecting output file output_data/TEMBA_1.5.sol.
[Thu May 25 11:48:24 2023]
Finished job 11.
4 of 14 steps (29%) done
Select jobs to execute...

[Thu May 25 11:48:24 2023]
rule remove_zero_values:
    input: output_data/TEMBA_1.5.sol
    output: results/TEMBA_1.5.sol
    jobid: 10
    reason: Missing output files: results/TEMBA_1.5.sol; Input files updated by another job: output_data/TEMBA_1.5.sol
    wildcards: model_run=TEMBA_1.5
    resources: tmpdir=/tmp

[Thu May 25 11:48:56 2023]
Finished job 10.
5 of 14 steps (36%) done
Select jobs to execute...

[Thu May 25 11:48:56 2023]
rule generate_pickle:
    input: results/TEMBA_1.5.sol, output_data/TEMBA_1.5_modex.txt
    output: results/TEMBA_1.5.pickle, results/TEMBA_1.5
    jobid: 9
    reason: Missing output files: results/TEMBA_1.5.pickle; Input files updated by another job: results/TEMBA_1.5.sol
    wildcards: model_run=TEMBA_1.5
    resources: tmpdir=/tmp

[Thu May 25 11:49:02 2023]
Finished job 9.
6 of 14 steps (43%) done
Select jobs to execute...

[Thu May 25 11:49:02 2023]
rule generate_results:
    input: results/TEMBA_1.5.pickle
    output: results/export_TEMBA_1.5
    jobid: 8
    reason: Missing output files: results/export_TEMBA_1.5; Input files updated by another job: results/TEMBA_1.5.pickle
    wildcards: model_run=TEMBA_1.5
    resources: tmpdir=/tmp

[Thu May 25 11:49:26 2023]
Finished job 1.
7 of 14 steps (50%) done
Write-protecting output file output_data/TEMBA_2.0.lp.gz.
[Thu May 25 11:51:06 2023]
Finished job 19.
8 of 14 steps (57%) done
Select jobs to execute...

[Thu May 25 11:51:06 2023]
rule solve_lp:
    input: output_data/TEMBA_2.0.lp.gz
    output: output_data/TEMBA_2.0.sol
    log: output_data/gurobi_TEMBA_2.0.log
    jobid: 18
    reason: Missing output files: output_data/TEMBA_2.0.sol; Input files updated by another job: output_data/TEMBA_2.0.lp.gz
    wildcards: model_run=TEMBA_2.0
    threads: 2
    resources: tmpdir=/tmp

[Thu May 25 11:52:43 2023]
Finished job 8.
9 of 14 steps (64%) done
Write-protecting output file output_data/TEMBA_2.0.sol.
[Thu May 25 11:59:02 2023]
Finished job 18.
10 of 14 steps (71%) done
Select jobs to execute...

[Thu May 25 11:59:02 2023]
rule remove_zero_values:
    input: output_data/TEMBA_2.0.sol
    output: results/TEMBA_2.0.sol
    jobid: 17
    reason: Missing output files: results/TEMBA_2.0.sol; Input files updated by another job: output_data/TEMBA_2.0.sol
    wildcards: model_run=TEMBA_2.0
    resources: tmpdir=/tmp

[Thu May 25 11:59:31 2023]
Finished job 17.
11 of 14 steps (79%) done
Select jobs to execute...

[Thu May 25 11:59:31 2023]
rule generate_pickle:
    input: results/TEMBA_2.0.sol, output_data/TEMBA_2.0_modex.txt
    output: results/TEMBA_2.0.pickle, results/TEMBA_2.0
    jobid: 16
    reason: Missing output files: results/TEMBA_2.0.pickle; Input files updated by another job: results/TEMBA_2.0.sol
    wildcards: model_run=TEMBA_2.0
    resources: tmpdir=/tmp

[Thu May 25 11:59:36 2023]
Finished job 16.
12 of 14 steps (86%) done
Select jobs to execute...

[Thu May 25 11:59:36 2023]
rule generate_results:
    input: results/TEMBA_2.0.pickle
    output: results/export_TEMBA_2.0
    jobid: 15
    reason: Missing output files: results/export_TEMBA_2.0; Input files updated by another job: results/TEMBA_2.0.pickle
    wildcards: model_run=TEMBA_2.0
    resources: tmpdir=/tmp

[Thu May 25 12:00:22 2023]
Finished job 15.
13 of 14 steps (93%) done
Select jobs to execute...

[Thu May 25 12:00:23 2023]
localrule all:
    input: results/export_TEMBA_Refer, results/export_TEMBA_1.5, results/export_TEMBA_2.0
    jobid: 0
    reason: Input files updated by another job: results/export_TEMBA_2.0, results/export_TEMBA_Refer, results/export_TEMBA_1.5
    resources: tmpdir=/tmp

[Thu May 25 12:00:23 2023]
Finished job 0.
14 of 14 steps (100%) done
Complete log: .snakemake/log/2023-05-25T113342.490380.snakemake.log
