Building DAG of jobs...
Using shell: /usr/bin/bash
Provided cores: 4
Rules claiming more threads will be scaled down.
Conda environments: ignored
Job stats:
job                 count    min threads    max threads
----------------  -------  -------------  -------------
all                     1              1              1
generate_results        1              1              1
total                   2              1              1

Select jobs to execute...

[Tue May 23 10:36:43 2023]
rule generate_results:
    input: results/TEMBA_Refer.pickle
    output: results/export_TEMBA_Refer
    jobid: 1
    reason: Missing output files: results/export_TEMBA_Refer
    wildcards: model_run=TEMBA_Refer
    resources: tmpdir=/tmp

[Tue May 23 10:38:41 2023]
Finished job 1.
1 of 2 steps (50%) done
Select jobs to execute...

[Tue May 23 10:38:41 2023]
localrule all:
    input: results/export_TEMBA_Refer, results/export_TEMBA_1.5, results/export_TEMBA_2.0
    jobid: 0
    reason: Input files updated by another job: results/export_TEMBA_Refer
    resources: tmpdir=/tmp

[Tue May 23 10:38:41 2023]
Finished job 0.
2 of 2 steps (100%) done
Complete log: .snakemake/log/2023-05-23T103639.731669.snakemake.log
