Building DAG of jobs...
Using shell: /usr/bin/bash
Provided cores: 4
Rules claiming more threads will be scaled down.
Conda environments: ignored
Job stats:
job                    count    min threads    max threads
-------------------  -------  -------------  -------------
all                        1              1              1
generate_lp_file           3              1              1
generate_model_file        3              2              2
generate_pickle            3              1              1
generate_results           3              1              1
modify_model_file          3              2              2
remove_zero_values         3              1              1
solve_lp                   3              2              2
total                     22              1              2

Select jobs to execute...

[Tue May 23 09:41:58 2023]
rule generate_model_file:
    input: input_data/TEMBA_2.0.xls
    output: output_data/TEMBA_2.0.txt
    jobid: 21
    reason: Missing output files: output_data/TEMBA_2.0.txt
    wildcards: model_run=TEMBA_2.0
    threads: 2
    resources: tmpdir=/tmp


[Tue May 23 09:41:58 2023]
rule generate_model_file:
    input: input_data/TEMBA_1.5.xls
    output: output_data/TEMBA_1.5.txt
    jobid: 14
    reason: Missing output files: output_data/TEMBA_1.5.txt
    wildcards: model_run=TEMBA_1.5
    threads: 2
    resources: tmpdir=/tmp

[Tue May 23 09:42:01 2023]
Finished job 21.
1 of 22 steps (5%) done
Select jobs to execute...

[Tue May 23 09:42:01 2023]
rule modify_model_file:
    input: output_data/TEMBA_2.0.txt
    output: output_data/TEMBA_2.0_modex.txt
    jobid: 20
    reason: Missing output files: output_data/TEMBA_2.0_modex.txt; Input files updated by another job: output_data/TEMBA_2.0.txt
    wildcards: model_run=TEMBA_2.0
    threads: 2
    resources: tmpdir=/tmp

[Tue May 23 09:42:02 2023]
Finished job 14.
2 of 22 steps (9%) done
Select jobs to execute...

[Tue May 23 09:42:02 2023]
rule modify_model_file:
    input: output_data/TEMBA_1.5.txt
    output: output_data/TEMBA_1.5_modex.txt
    jobid: 13
    reason: Missing output files: output_data/TEMBA_1.5_modex.txt; Input files updated by another job: output_data/TEMBA_1.5.txt
    wildcards: model_run=TEMBA_1.5
    threads: 2
    resources: tmpdir=/tmp

[Tue May 23 09:42:03 2023]
Finished job 20.
3 of 22 steps (14%) done
Select jobs to execute...

[Tue May 23 09:42:03 2023]
rule generate_model_file:
    input: input_data/TEMBA_Refer.xls
    output: output_data/TEMBA_Refer.txt
    jobid: 7
    reason: Missing output files: output_data/TEMBA_Refer.txt
    wildcards: model_run=TEMBA_Refer
    threads: 2
    resources: tmpdir=/tmp

[Tue May 23 09:42:03 2023]
Finished job 13.
4 of 22 steps (18%) done
Select jobs to execute...

[Tue May 23 09:42:04 2023]
rule generate_lp_file:
    input: output_data/TEMBA_1.5_modex.txt
    output: output_data/TEMBA_1.5.lp.gz
    log: output_data/glpsol_TEMBA_1.5.log
    jobid: 12
    reason: Missing output files: output_data/TEMBA_1.5.lp.gz; Input files updated by another job: output_data/TEMBA_1.5_modex.txt
    wildcards: model_run=TEMBA_1.5
    resources: tmpdir=/tmp


[Tue May 23 09:42:04 2023]
rule generate_lp_file:
    input: output_data/TEMBA_2.0_modex.txt
    output: output_data/TEMBA_2.0.lp.gz
    log: output_data/glpsol_TEMBA_2.0.log
    jobid: 19
    reason: Missing output files: output_data/TEMBA_2.0.lp.gz; Input files updated by another job: output_data/TEMBA_2.0_modex.txt
    wildcards: model_run=TEMBA_2.0
    resources: tmpdir=/tmp

[Tue May 23 09:42:07 2023]
Finished job 7.
5 of 22 steps (23%) done
Select jobs to execute...

[Tue May 23 09:42:07 2023]
rule modify_model_file:
    input: output_data/TEMBA_Refer.txt
    output: output_data/TEMBA_Refer_modex.txt
    jobid: 6
    reason: Missing output files: output_data/TEMBA_Refer_modex.txt; Input files updated by another job: output_data/TEMBA_Refer.txt
    wildcards: model_run=TEMBA_Refer
    threads: 2
    resources: tmpdir=/tmp

[Tue May 23 09:42:09 2023]
Finished job 6.
6 of 22 steps (27%) done
Select jobs to execute...

[Tue May 23 09:42:09 2023]
rule generate_lp_file:
    input: output_data/TEMBA_Refer_modex.txt
    output: output_data/TEMBA_Refer.lp.gz
    log: output_data/glpsol_TEMBA_Refer.log
    jobid: 5
    reason: Missing output files: output_data/TEMBA_Refer.lp.gz; Input files updated by another job: output_data/TEMBA_Refer_modex.txt
    wildcards: model_run=TEMBA_Refer
    resources: tmpdir=/tmp

Write-protecting output file output_data/TEMBA_Refer.lp.gz.
[Tue May 23 09:47:23 2023]
Finished job 5.
7 of 22 steps (32%) done
Select jobs to execute...

[Tue May 23 09:47:25 2023]
rule solve_lp:
    input: output_data/TEMBA_Refer.lp.gz
    output: output_data/TEMBA_Refer.sol
    log: output_data/gurobi_TEMBA_Refer.log
    jobid: 4
    reason: Missing output files: output_data/TEMBA_Refer.sol; Input files updated by another job: output_data/TEMBA_Refer.lp.gz
    wildcards: model_run=TEMBA_Refer
    threads: 2
    resources: tmpdir=/tmp

[Tue May 23 09:47:27 2023]
Error in rule solve_lp:
    jobid: 4
    input: output_data/TEMBA_Refer.lp.gz
    output: output_data/TEMBA_Refer.sol
    log: output_data/gurobi_TEMBA_Refer.log (check log file(s) for error details)
    shell:
        gurobi_cl NumericFocus=1 Method=2 Threads=2 ResultFile=output_data/TEMBA_Refer.sol ResultFile=output_data/infeasible.ilp LogFile=output_data/gurobi_TEMBA_Refer.log output_data/TEMBA_Refer.lp.gz
        (one of the commands exited with non-zero exit code; note that snakemake uses bash strict mode!)

Write-protecting output file output_data/TEMBA_1.5.lp.gz.
[Tue May 23 09:48:08 2023]
Finished job 12.
8 of 22 steps (36%) done
Write-protecting output file output_data/TEMBA_2.0.lp.gz.
[Tue May 23 09:48:08 2023]
Finished job 19.
9 of 22 steps (41%) done
Shutting down, this might take some time.
Exiting because a job execution failed. Look above for error message
Complete log: .snakemake/log/2023-05-23T094153.360370.snakemake.log
