Building DAG of jobs...
Using shell: /usr/bin/bash
Provided cores: 4
Rules claiming more threads will be scaled down.
Conda environments: ignored
Job stats:
job                    count    min threads    max threads
-------------------  -------  -------------  -------------
all                        1              1              1
generate_lp_file           3              1              1
generate_model_file        3              2              2
generate_pickle            3              1              1
generate_results           3              1              1
modify_model_file          3              2              2
remove_zero_values         3              1              1
solve_lp                   3              2              2
total                     22              1              2

Select jobs to execute...

[Tue May 23 13:20:46 2023]
rule generate_model_file:
    input: input_data/TEMBA_2.0.xls
    output: output_data/TEMBA_2.0.txt
    jobid: 21
    reason: Missing output files: output_data/TEMBA_2.0.txt
    wildcards: model_run=TEMBA_2.0
    threads: 2
    resources: tmpdir=/tmp


[Tue May 23 13:20:46 2023]
rule generate_model_file:
    input: input_data/TEMBA_Refer.xls
    output: output_data/TEMBA_Refer.txt
    jobid: 7
    reason: Missing output files: output_data/TEMBA_Refer.txt
    wildcards: model_run=TEMBA_Refer
    threads: 2
    resources: tmpdir=/tmp

[Tue May 23 13:20:48 2023]
Finished job 7.
1 of 22 steps (5%) done
Select jobs to execute...

[Tue May 23 13:20:48 2023]
rule modify_model_file:
    input: output_data/TEMBA_Refer.txt
    output: output_data/TEMBA_Refer_modex.txt
    jobid: 6
    reason: Missing output files: output_data/TEMBA_Refer_modex.txt; Input files updated by another job: output_data/TEMBA_Refer.txt
    wildcards: model_run=TEMBA_Refer
    threads: 2
    resources: tmpdir=/tmp

[Tue May 23 13:20:48 2023]
Finished job 21.
2 of 22 steps (9%) done
Select jobs to execute...

[Tue May 23 13:20:49 2023]
rule generate_model_file:
    input: input_data/TEMBA_1.5.xls
    output: output_data/TEMBA_1.5.txt
    jobid: 14
    reason: Missing output files: output_data/TEMBA_1.5.txt
    wildcards: model_run=TEMBA_1.5
    threads: 2
    resources: tmpdir=/tmp

[Tue May 23 13:20:50 2023]
Finished job 6.
3 of 22 steps (14%) done
Select jobs to execute...

[Tue May 23 13:20:50 2023]
rule modify_model_file:
    input: output_data/TEMBA_2.0.txt
    output: output_data/TEMBA_2.0_modex.txt
    jobid: 20
    reason: Missing output files: output_data/TEMBA_2.0_modex.txt; Input files updated by another job: output_data/TEMBA_2.0.txt
    wildcards: model_run=TEMBA_2.0
    threads: 2
    resources: tmpdir=/tmp

[Tue May 23 13:20:51 2023]
Finished job 20.
4 of 22 steps (18%) done
Select jobs to execute...

[Tue May 23 13:20:52 2023]
rule generate_lp_file:
    input: output_data/TEMBA_Refer_modex.txt
    output: output_data/TEMBA_Refer.lp.gz
    log: output_data/glpsol_TEMBA_Refer.log
    jobid: 5
    reason: Missing output files: output_data/TEMBA_Refer.lp.gz; Input files updated by another job: output_data/TEMBA_Refer_modex.txt
    wildcards: model_run=TEMBA_Refer
    resources: tmpdir=/tmp


[Tue May 23 13:20:52 2023]
rule generate_lp_file:
    input: output_data/TEMBA_2.0_modex.txt
    output: output_data/TEMBA_2.0.lp.gz
    log: output_data/glpsol_TEMBA_2.0.log
    jobid: 19
    reason: Missing output files: output_data/TEMBA_2.0.lp.gz; Input files updated by another job: output_data/TEMBA_2.0_modex.txt
    wildcards: model_run=TEMBA_2.0
    resources: tmpdir=/tmp

[Tue May 23 13:20:52 2023]
Finished job 14.
5 of 22 steps (23%) done
Select jobs to execute...

[Tue May 23 13:20:52 2023]
rule modify_model_file:
    input: output_data/TEMBA_1.5.txt
    output: output_data/TEMBA_1.5_modex.txt
    jobid: 13
    reason: Missing output files: output_data/TEMBA_1.5_modex.txt; Input files updated by another job: output_data/TEMBA_1.5.txt
    wildcards: model_run=TEMBA_1.5
    threads: 2
    resources: tmpdir=/tmp

[Tue May 23 13:20:53 2023]
Finished job 13.
6 of 22 steps (27%) done
Select jobs to execute...

[Tue May 23 13:20:53 2023]
rule generate_lp_file:
    input: output_data/TEMBA_1.5_modex.txt
    output: output_data/TEMBA_1.5.lp.gz
    log: output_data/glpsol_TEMBA_1.5.log
    jobid: 12
    reason: Missing output files: output_data/TEMBA_1.5.lp.gz; Input files updated by another job: output_data/TEMBA_1.5_modex.txt
    wildcards: model_run=TEMBA_1.5
    resources: tmpdir=/tmp

[Tue May 23 13:21:34 2023]
Error in rule generate_lp_file:
    jobid: 19
    input: output_data/TEMBA_2.0_modex.txt
    output: output_data/TEMBA_2.0.lp.gz
    log: output_data/glpsol_TEMBA_2.0.log (check log file(s) for error details)
    shell:
        glpsol -m model/Temba_0406_modex.txt -d output_data/TEMBA_2.0_modex.txt --wlp output_data/TEMBA_2.0.lp.gz --check --log output_data/glpsol_TEMBA_2.0.log
        (one of the commands exited with non-zero exit code; note that snakemake uses bash strict mode!)

[Tue May 23 13:21:34 2023]
Error in rule generate_lp_file:
    jobid: 5
    input: output_data/TEMBA_Refer_modex.txt
    output: output_data/TEMBA_Refer.lp.gz
    log: output_data/glpsol_TEMBA_Refer.log (check log file(s) for error details)
    shell:
        glpsol -m model/Temba_0406_modex.txt -d output_data/TEMBA_Refer_modex.txt --wlp output_data/TEMBA_Refer.lp.gz --check --log output_data/glpsol_TEMBA_Refer.log
        (one of the commands exited with non-zero exit code; note that snakemake uses bash strict mode!)

[Tue May 23 13:21:35 2023]
Error in rule generate_lp_file:
    jobid: 12
    input: output_data/TEMBA_1.5_modex.txt
    output: output_data/TEMBA_1.5.lp.gz
    log: output_data/glpsol_TEMBA_1.5.log (check log file(s) for error details)
    shell:
        glpsol -m model/Temba_0406_modex.txt -d output_data/TEMBA_1.5_modex.txt --wlp output_data/TEMBA_1.5.lp.gz --check --log output_data/glpsol_TEMBA_1.5.log
        (one of the commands exited with non-zero exit code; note that snakemake uses bash strict mode!)

Shutting down, this might take some time.
Exiting because a job execution failed. Look above for error message
Complete log: .snakemake/log/2023-05-23T132042.491634.snakemake.log
