Building DAG of jobs...
Using shell: /usr/bin/bash
Provided cores: 4
Rules claiming more threads will be scaled down.
Conda environments: ignored
Job stats:
job                    count    min threads    max threads
-------------------  -------  -------------  -------------
all                        1              1              1
generate_lp_file           3              1              1
generate_model_file        3              2              2
generate_pickle            3              1              1
generate_results           3              1              1
modify_model_file          3              2              2
remove_zero_values         3              1              1
solve_lp                   3              2              2
total                     22              1              2

Select jobs to execute...

[Mon May 22 16:15:48 2023]
rule generate_model_file:
    input: input_data/TEMBA_2.0.xls
    output: output_data/TEMBA_2.0.txt
    jobid: 21
    reason: Missing output files: output_data/TEMBA_2.0.txt
    wildcards: model_run=TEMBA_2.0
    threads: 2
    resources: tmpdir=/tmp


[Mon May 22 16:15:48 2023]
rule generate_model_file:
    input: input_data/TEMBA_1.5.xls
    output: output_data/TEMBA_1.5.txt
    jobid: 14
    reason: Missing output files: output_data/TEMBA_1.5.txt
    wildcards: model_run=TEMBA_1.5
    threads: 2
    resources: tmpdir=/tmp

[Mon May 22 16:15:50 2023]
Error in rule generate_model_file:
    jobid: 21
    input: input_data/TEMBA_2.0.xls
    output: output_data/TEMBA_2.0.txt
    shell:
        python scripts/excel_to_osemosys.py input_data/TEMBA_2.0.xls output_data/TEMBA_2.0.txt
        (one of the commands exited with non-zero exit code; note that snakemake uses bash strict mode!)

[Mon May 22 16:15:51 2023]
Finished job 14.
1 of 22 steps (5%) done
Shutting down, this might take some time.
Exiting because a job execution failed. Look above for error message
Complete log: .snakemake/log/2023-05-22T161544.396526.snakemake.log
