2023-05-25 11:48:11,426 Reading models results in Gurobi format from results/TEMBA_Refer.sol
2023-05-25 11:48:13,438 Read in set of 130 fuels
2023-05-25 11:48:13,438 Read in set of 452 techs
2023-05-25 11:48:13,439 Read in set of 0 storage
2023-05-25 11:48:13,440 Read in set of 21 emissions
2023-05-25 11:48:13,557 Read in set of 56 years
2023-05-25 11:48:13,558 Read in set of 56 years
2023-05-25 11:48:13,560 Read in set of 56 years
2023-05-25 11:48:13,561 Read in set of 56 years
2023-05-25 11:48:13,563 Read in set of 56 years
2023-05-25 11:48:13,564 Read in set of 56 years
2023-05-25 11:48:13,565 Read in set of 56 years
2023-05-25 11:48:13,573 Read in set of 56 years
2023-05-25 11:48:13,575 Read in set of 56 years
2023-05-25 11:48:13,576 Read in set of 56 years
2023-05-25 11:48:13,577 Read in set of 56 years
2023-05-25 11:48:13,578 Read in set of 56 years
2023-05-25 11:48:13,580 Read in set of 56 years
2023-05-25 11:48:13,581 Read in set of 56 years
2023-05-25 11:48:13,582 Read in set of 56 years
2023-05-25 11:48:13,584 Read in set of 56 years
2023-05-25 11:48:13,586 Read in set of 56 years
2023-05-25 11:48:13,587 Read in set of 56 years
2023-05-25 11:48:13,590 Read in set of 56 years
2023-05-25 11:48:13,591 Read in set of 56 years
2023-05-25 11:48:13,593 Read in set of 56 years
2023-05-25 11:48:13,594 Read in set of 56 years
2023-05-25 11:48:13,596 Read in set of 56 years
2023-05-25 11:48:13,597 Read in set of 56 years
2023-05-25 11:48:13,598 Read in set of 56 years
2023-05-25 11:48:13,600 Read in set of 56 years
2023-05-25 11:48:13,601 Read in set of 56 years
2023-05-25 11:48:13,603 Read in set of 56 years
2023-05-25 11:48:13,604 Read in set of 56 years
2023-05-25 11:48:13,606 Read in set of 56 years
2023-05-25 11:48:13,610 Read in set of 56 years
2023-05-25 11:48:13,611 Read in set of 56 years
2023-05-25 11:48:13,612 Read in set of 56 years
2023-05-25 11:48:13,613 Read in set of 56 years
2023-05-25 11:48:13,615 Read in set of 56 years
2023-05-25 11:48:13,618 Read in set of 56 years
2023-05-25 11:48:13,619 Read in set of 56 years
2023-05-25 11:48:13,620 Read in set of 56 years
2023-05-25 11:48:13,623 Read in set of 56 years
2023-05-25 11:48:13,624 Read in set of 56 years
2023-05-25 11:48:13,626 Read in set of 56 years
2023-05-25 11:48:13,628 Read in set of 56 years
2023-05-25 11:48:13,629 Read in set of 56 years
2023-05-25 11:48:13,631 Read in set of 56 years
2023-05-25 11:48:13,634 Read in set of 56 years
2023-05-25 11:48:13,635 Read in set of 56 years
2023-05-25 11:48:13,636 Read in set of 56 years
2023-05-25 11:48:13,637 Read in set of 56 years
2023-05-25 11:48:13,640 Read in set of 56 years
2023-05-25 11:48:13,641 Read in set of 56 years
2023-05-25 11:48:13,643 Read in set of 56 years
2023-05-25 11:48:13,644 Read in set of 56 years
2023-05-25 11:48:13,645 Read in set of 56 years
2023-05-25 11:48:13,647 Read in set of 56 years
2023-05-25 11:48:13,648 Read in set of 56 years
2023-05-25 11:48:13,651 Read in set of 56 years
2023-05-25 11:48:13,653 Read in set of 56 years
2023-05-25 11:48:13,653 Read in set of 56 years
2023-05-25 11:48:13,660 Read in set of 56 years
2023-05-25 11:48:13,663 Read in set of 56 years
2023-05-25 11:48:13,665 Read in set of 56 years
2023-05-25 11:48:13,668 Read in set of 56 years
2023-05-25 11:48:13,669 Read in set of 56 years
2023-05-25 11:48:13,669 Read in set of 56 years
2023-05-25 11:48:13,670 Read in set of 56 years
2023-05-25 11:48:13,674 Read in set of 56 years
2023-05-25 11:48:13,678 Read in set of 56 years
2023-05-25 11:48:13,679 Read in set of 56 years
2023-05-25 11:48:13,681 Read in set of 56 years
2023-05-25 11:48:13,683 Read in set of 56 years
2023-05-25 11:48:13,685 Read in set of 56 years
2023-05-25 11:48:13,686 Read in set of 56 years
2023-05-25 11:48:13,690 Read in set of 56 years
2023-05-25 11:48:13,691 Read in set of 56 years
2023-05-25 11:48:13,694 Read in set of 56 years
2023-05-25 11:48:13,695 Read in set of 56 years
2023-05-25 11:48:13,696 Read in set of 56 years
2023-05-25 11:48:13,697 Read in set of 56 years
2023-05-25 11:48:13,699 Read in set of 56 years
2023-05-25 11:48:13,702 Read in set of 56 years
2023-05-25 11:48:13,703 Read in set of 56 years
2023-05-25 11:48:13,704 Read in set of 56 years
2023-05-25 11:48:13,705 Read in set of 56 years
2023-05-25 11:48:13,707 Read in set of 56 years
2023-05-25 11:48:13,708 Read in set of 56 years
2023-05-25 11:48:13,709 Read in set of 56 years
2023-05-25 11:48:13,709 Read in set of 56 years
2023-05-25 11:48:13,710 Read in set of 56 years
2023-05-25 11:48:13,711 Read in set of 56 years
2023-05-25 11:48:13,712 Read in set of 56 years
2023-05-25 11:48:13,713 Read in set of 56 years
2023-05-25 11:48:13,714 Read in set of 56 years
2023-05-25 11:48:13,715 Read in set of 56 years
2023-05-25 11:48:13,716 Read in set of 56 years
2023-05-25 11:48:13,716 Read in set of 56 years
2023-05-25 11:48:13,717 Read in set of 56 years
2023-05-25 11:48:13,718 Read in set of 56 years
2023-05-25 11:48:13,719 Read in set of 56 years
2023-05-25 11:48:13,721 Read in set of 56 years
2023-05-25 11:48:13,722 Read in set of 56 years
2023-05-25 11:48:13,723 Read in set of 56 years
2023-05-25 11:48:13,724 Read in set of 56 years
2023-05-25 11:48:13,724 Read in set of 56 years
2023-05-25 11:48:13,726 Read in set of 56 years
2023-05-25 11:48:13,727 Read in set of 56 years
2023-05-25 11:48:13,727 Read in set of 56 years
2023-05-25 11:48:13,728 Read in set of 56 years
2023-05-25 11:48:13,729 Read in set of 56 years
2023-05-25 11:48:13,730 Read in set of 56 years
2023-05-25 11:48:13,731 Read in set of 56 years
2023-05-25 11:48:13,732 Read in set of 56 years
2023-05-25 11:48:13,733 Read in set of 56 years
2023-05-25 11:48:13,734 Read in set of 56 years
2023-05-25 11:48:13,735 Read in set of 56 years
2023-05-25 11:48:13,735 Read in set of 56 years
2023-05-25 11:48:13,736 Read in set of 56 years
2023-05-25 11:48:13,737 Read in set of 56 years
2023-05-25 11:48:13,738 Read in set of 56 years
2023-05-25 11:48:13,739 Read in set of 56 years
2023-05-25 11:48:13,740 Read in set of 56 years
2023-05-25 11:48:13,741 Read in set of 56 years
2023-05-25 11:48:13,742 Read in set of 56 years
2023-05-25 11:48:13,743 Read in set of 56 years
2023-05-25 11:48:13,744 Read in set of 56 years
2023-05-25 11:48:13,744 Read in set of 56 years
2023-05-25 11:48:13,745 Read in set of 56 years
2023-05-25 11:48:13,746 Read in set of 56 years
2023-05-25 11:48:13,747 Read in set of 56 years
2023-05-25 11:48:13,748 Read in set of 56 years
2023-05-25 11:48:13,748 Read in set of 56 years
2023-05-25 11:48:13,749 Read in set of 56 years
2023-05-25 11:48:13,750 Read in set of 56 years
2023-05-25 11:48:13,751 Read in set of 56 years
2023-05-25 11:48:13,752 Read in set of 56 years
2023-05-25 11:48:13,753 Read in set of 56 years
2023-05-25 11:48:13,754 Read in set of 56 years
2023-05-25 11:48:13,754 Read in set of 56 years
2023-05-25 11:48:13,755 Read in set of 56 years
2023-05-25 11:48:13,756 Read in set of 56 years
2023-05-25 11:48:13,757 Read in set of 56 years
2023-05-25 11:48:13,757 Read in set of 56 years
2023-05-25 11:48:13,758 Read in set of 56 years
2023-05-25 11:48:13,759 Read in set of 56 years
2023-05-25 11:48:13,760 Read in set of 56 years
2023-05-25 11:48:13,761 Read in set of 56 years
2023-05-25 11:48:13,762 Read in set of 56 years
2023-05-25 11:48:13,763 Read in set of 56 years
2023-05-25 11:48:13,763 Read in set of 56 years
2023-05-25 11:48:13,764 Read in set of 56 years
2023-05-25 11:48:13,765 Read in set of 56 years
2023-05-25 11:48:13,766 Read in set of 56 years
2023-05-25 11:48:13,767 Read in set of 56 years
2023-05-25 11:48:13,768 Read in set of 56 years
2023-05-25 11:48:13,768 Read in set of 56 years
2023-05-25 11:48:13,769 Read in set of 56 years
2023-05-25 11:48:13,770 Read in set of 56 years
2023-05-25 11:48:13,771 Read in set of 56 years
2023-05-25 11:48:13,772 Read in set of 56 years
2023-05-25 11:48:13,773 Read in set of 56 years
2023-05-25 11:48:13,774 Read in set of 56 years
2023-05-25 11:48:13,775 Read in set of 56 years
2023-05-25 11:48:13,775 Read in set of 56 years
2023-05-25 11:48:13,776 Read in set of 56 years
2023-05-25 11:48:13,777 Read in set of 56 years
2023-05-25 11:48:13,778 Read in set of 56 years
2023-05-25 11:48:13,779 Read in set of 56 years
2023-05-25 11:48:13,780 Read in set of 56 years
2023-05-25 11:48:13,781 Read in set of 56 years
2023-05-25 11:48:13,782 Read in set of 56 years
2023-05-25 11:48:13,783 Read in set of 56 years
2023-05-25 11:48:13,784 Read in set of 56 years
2023-05-25 11:48:13,785 Read in set of 56 years
2023-05-25 11:48:13,786 Read in set of 56 years
2023-05-25 11:48:13,787 Read in set of 56 years
2023-05-25 11:48:13,788 Read in set of 56 years
2023-05-25 11:48:13,789 Read in set of 56 years
2023-05-25 11:48:13,790 Read in set of 56 years
2023-05-25 11:48:13,791 Read in set of 56 years
2023-05-25 11:48:13,792 Read in set of 56 years
2023-05-25 11:48:13,793 Read in set of 56 years
2023-05-25 11:48:13,793 Read in set of 56 years
2023-05-25 11:48:13,794 Read in set of 56 years
2023-05-25 11:48:13,795 Read in set of 56 years
2023-05-25 11:48:13,796 Read in set of 56 years
2023-05-25 11:48:13,797 Read in set of 56 years
2023-05-25 11:48:13,798 Read in set of 56 years
2023-05-25 11:48:13,798 Read in set of 56 years
2023-05-25 11:48:13,799 Read in set of 56 years
2023-05-25 11:48:13,800 Read in set of 56 years
2023-05-25 11:48:13,801 Read in set of 56 years
2023-05-25 11:48:13,802 Read in set of 56 years
2023-05-25 11:48:13,803 Read in set of 56 years
2023-05-25 11:48:13,804 Read in set of 56 years
2023-05-25 11:48:17,369 Results data has 11 rows
2023-05-25 11:48:17,373 Dumping results to results/TEMBA_Refer.pickle
2023-05-25 11:48:57,353 Reading models results in Gurobi format from results/TEMBA_1.5.sol
2023-05-25 11:48:58,863 Read in set of 130 fuels
2023-05-25 11:48:58,864 Read in set of 452 techs
2023-05-25 11:48:58,865 Read in set of 0 storage
2023-05-25 11:48:58,866 Read in set of 24 emissions
2023-05-25 11:48:58,922 Read in set of 56 years
2023-05-25 11:48:58,923 Read in set of 56 years
2023-05-25 11:48:58,924 Read in set of 56 years
2023-05-25 11:48:58,925 Read in set of 56 years
2023-05-25 11:48:58,926 Read in set of 56 years
2023-05-25 11:48:58,926 Read in set of 56 years
2023-05-25 11:48:58,927 Read in set of 56 years
2023-05-25 11:48:58,928 Read in set of 56 years
2023-05-25 11:48:58,929 Read in set of 56 years
2023-05-25 11:48:58,929 Read in set of 56 years
2023-05-25 11:48:58,930 Read in set of 56 years
2023-05-25 11:48:58,931 Read in set of 56 years
2023-05-25 11:48:58,933 Read in set of 56 years
2023-05-25 11:48:58,934 Read in set of 56 years
2023-05-25 11:48:58,935 Read in set of 56 years
2023-05-25 11:48:58,939 Read in set of 56 years
2023-05-25 11:48:58,956 Read in set of 56 years
2023-05-25 11:48:58,957 Read in set of 56 years
2023-05-25 11:48:58,958 Read in set of 56 years
2023-05-25 11:48:58,959 Read in set of 56 years
2023-05-25 11:48:58,959 Read in set of 56 years
2023-05-25 11:48:58,960 Read in set of 56 years
2023-05-25 11:48:58,961 Read in set of 56 years
2023-05-25 11:48:58,962 Read in set of 56 years
2023-05-25 11:48:58,965 Read in set of 56 years
2023-05-25 11:48:58,971 Read in set of 56 years
2023-05-25 11:48:58,971 Read in set of 56 years
2023-05-25 11:48:58,972 Read in set of 56 years
2023-05-25 11:48:58,973 Read in set of 56 years
2023-05-25 11:48:58,974 Read in set of 56 years
2023-05-25 11:48:58,975 Read in set of 56 years
2023-05-25 11:48:58,976 Read in set of 56 years
2023-05-25 11:48:58,977 Read in set of 56 years
2023-05-25 11:48:58,977 Read in set of 56 years
2023-05-25 11:48:58,978 Read in set of 56 years
2023-05-25 11:48:58,979 Read in set of 56 years
2023-05-25 11:48:58,980 Read in set of 56 years
2023-05-25 11:48:58,981 Read in set of 56 years
2023-05-25 11:48:58,982 Read in set of 56 years
2023-05-25 11:48:58,983 Read in set of 56 years
2023-05-25 11:48:58,984 Read in set of 56 years
2023-05-25 11:48:58,985 Read in set of 56 years
2023-05-25 11:48:58,985 Read in set of 56 years
2023-05-25 11:48:58,986 Read in set of 56 years
2023-05-25 11:48:58,987 Read in set of 56 years
2023-05-25 11:48:58,988 Read in set of 56 years
2023-05-25 11:48:58,989 Read in set of 56 years
2023-05-25 11:48:58,990 Read in set of 56 years
2023-05-25 11:48:58,991 Read in set of 56 years
2023-05-25 11:48:58,991 Read in set of 56 years
2023-05-25 11:48:58,992 Read in set of 56 years
2023-05-25 11:48:58,993 Read in set of 56 years
2023-05-25 11:48:58,994 Read in set of 56 years
2023-05-25 11:48:58,995 Read in set of 56 years
2023-05-25 11:48:58,996 Read in set of 56 years
2023-05-25 11:48:58,997 Read in set of 56 years
2023-05-25 11:48:58,998 Read in set of 56 years
2023-05-25 11:48:58,999 Read in set of 56 years
2023-05-25 11:48:59,000 Read in set of 56 years
2023-05-25 11:48:59,000 Read in set of 56 years
2023-05-25 11:48:59,001 Read in set of 56 years
2023-05-25 11:48:59,002 Read in set of 56 years
2023-05-25 11:48:59,003 Read in set of 56 years
2023-05-25 11:48:59,004 Read in set of 56 years
2023-05-25 11:48:59,004 Read in set of 56 years
2023-05-25 11:48:59,005 Read in set of 56 years
2023-05-25 11:48:59,006 Read in set of 56 years
2023-05-25 11:48:59,007 Read in set of 56 years
2023-05-25 11:48:59,008 Read in set of 56 years
2023-05-25 11:48:59,008 Read in set of 56 years
2023-05-25 11:48:59,009 Read in set of 56 years
2023-05-25 11:48:59,010 Read in set of 56 years
2023-05-25 11:48:59,012 Read in set of 56 years
2023-05-25 11:48:59,013 Read in set of 56 years
2023-05-25 11:48:59,013 Read in set of 56 years
2023-05-25 11:48:59,014 Read in set of 56 years
2023-05-25 11:48:59,015 Read in set of 56 years
2023-05-25 11:48:59,016 Read in set of 56 years
2023-05-25 11:48:59,017 Read in set of 56 years
2023-05-25 11:48:59,017 Read in set of 56 years
2023-05-25 11:48:59,018 Read in set of 56 years
2023-05-25 11:48:59,019 Read in set of 56 years
2023-05-25 11:48:59,019 Read in set of 56 years
2023-05-25 11:48:59,020 Read in set of 56 years
2023-05-25 11:48:59,021 Read in set of 56 years
2023-05-25 11:48:59,022 Read in set of 56 years
2023-05-25 11:48:59,023 Read in set of 56 years
2023-05-25 11:48:59,024 Read in set of 56 years
2023-05-25 11:48:59,024 Read in set of 56 years
2023-05-25 11:48:59,025 Read in set of 56 years
2023-05-25 11:48:59,026 Read in set of 56 years
2023-05-25 11:48:59,027 Read in set of 56 years
2023-05-25 11:48:59,027 Read in set of 56 years
2023-05-25 11:48:59,028 Read in set of 56 years
2023-05-25 11:48:59,029 Read in set of 56 years
2023-05-25 11:48:59,029 Read in set of 56 years
2023-05-25 11:48:59,030 Read in set of 56 years
2023-05-25 11:48:59,031 Read in set of 56 years
2023-05-25 11:48:59,032 Read in set of 56 years
2023-05-25 11:48:59,033 Read in set of 56 years
2023-05-25 11:48:59,033 Read in set of 56 years
2023-05-25 11:48:59,034 Read in set of 56 years
2023-05-25 11:48:59,035 Read in set of 56 years
2023-05-25 11:48:59,036 Read in set of 56 years
2023-05-25 11:48:59,036 Read in set of 56 years
2023-05-25 11:48:59,037 Read in set of 56 years
2023-05-25 11:48:59,038 Read in set of 56 years
2023-05-25 11:48:59,038 Read in set of 56 years
2023-05-25 11:48:59,039 Read in set of 56 years
2023-05-25 11:48:59,040 Read in set of 56 years
2023-05-25 11:48:59,040 Read in set of 56 years
2023-05-25 11:48:59,041 Read in set of 56 years
2023-05-25 11:48:59,042 Read in set of 56 years
2023-05-25 11:48:59,043 Read in set of 56 years
2023-05-25 11:48:59,043 Read in set of 56 years
2023-05-25 11:48:59,044 Read in set of 56 years
2023-05-25 11:48:59,044 Read in set of 56 years
2023-05-25 11:48:59,045 Read in set of 56 years
2023-05-25 11:48:59,046 Read in set of 56 years
2023-05-25 11:48:59,046 Read in set of 56 years
2023-05-25 11:48:59,047 Read in set of 56 years
2023-05-25 11:48:59,047 Read in set of 56 years
2023-05-25 11:48:59,048 Read in set of 56 years
2023-05-25 11:48:59,049 Read in set of 56 years
2023-05-25 11:48:59,049 Read in set of 56 years
2023-05-25 11:48:59,050 Read in set of 56 years
2023-05-25 11:48:59,051 Read in set of 56 years
2023-05-25 11:48:59,052 Read in set of 56 years
2023-05-25 11:48:59,053 Read in set of 56 years
2023-05-25 11:48:59,054 Read in set of 56 years
2023-05-25 11:48:59,054 Read in set of 56 years
2023-05-25 11:48:59,055 Read in set of 56 years
2023-05-25 11:48:59,056 Read in set of 56 years
2023-05-25 11:48:59,057 Read in set of 56 years
2023-05-25 11:48:59,057 Read in set of 56 years
2023-05-25 11:48:59,058 Read in set of 56 years
2023-05-25 11:48:59,059 Read in set of 56 years
2023-05-25 11:48:59,060 Read in set of 56 years
2023-05-25 11:48:59,060 Read in set of 56 years
2023-05-25 11:48:59,061 Read in set of 56 years
2023-05-25 11:48:59,062 Read in set of 56 years
2023-05-25 11:48:59,063 Read in set of 56 years
2023-05-25 11:48:59,064 Read in set of 56 years
2023-05-25 11:48:59,065 Read in set of 56 years
2023-05-25 11:48:59,066 Read in set of 56 years
2023-05-25 11:48:59,067 Read in set of 56 years
2023-05-25 11:48:59,068 Read in set of 56 years
2023-05-25 11:48:59,068 Read in set of 56 years
2023-05-25 11:48:59,069 Read in set of 56 years
2023-05-25 11:48:59,070 Read in set of 56 years
2023-05-25 11:48:59,071 Read in set of 56 years
2023-05-25 11:48:59,071 Read in set of 56 years
2023-05-25 11:48:59,072 Read in set of 56 years
2023-05-25 11:48:59,073 Read in set of 56 years
2023-05-25 11:48:59,074 Read in set of 56 years
2023-05-25 11:48:59,074 Read in set of 56 years
2023-05-25 11:48:59,075 Read in set of 56 years
2023-05-25 11:48:59,076 Read in set of 56 years
2023-05-25 11:48:59,077 Read in set of 56 years
2023-05-25 11:48:59,077 Read in set of 56 years
2023-05-25 11:48:59,078 Read in set of 56 years
2023-05-25 11:48:59,079 Read in set of 56 years
2023-05-25 11:48:59,079 Read in set of 56 years
2023-05-25 11:48:59,080 Read in set of 56 years
2023-05-25 11:48:59,081 Read in set of 56 years
2023-05-25 11:48:59,082 Read in set of 56 years
2023-05-25 11:48:59,082 Read in set of 56 years
2023-05-25 11:48:59,083 Read in set of 56 years
2023-05-25 11:48:59,084 Read in set of 56 years
2023-05-25 11:48:59,085 Read in set of 56 years
2023-05-25 11:48:59,085 Read in set of 56 years
2023-05-25 11:48:59,086 Read in set of 56 years
2023-05-25 11:48:59,087 Read in set of 56 years
2023-05-25 11:48:59,088 Read in set of 56 years
2023-05-25 11:48:59,088 Read in set of 56 years
2023-05-25 11:48:59,089 Read in set of 56 years
2023-05-25 11:48:59,090 Read in set of 56 years
2023-05-25 11:48:59,091 Read in set of 56 years
2023-05-25 11:48:59,091 Read in set of 56 years
2023-05-25 11:48:59,092 Read in set of 56 years
2023-05-25 11:48:59,093 Read in set of 56 years
2023-05-25 11:48:59,094 Read in set of 56 years
2023-05-25 11:48:59,095 Read in set of 56 years
2023-05-25 11:48:59,095 Read in set of 56 years
2023-05-25 11:48:59,096 Read in set of 56 years
2023-05-25 11:48:59,097 Read in set of 56 years
2023-05-25 11:48:59,097 Read in set of 56 years
2023-05-25 11:48:59,098 Read in set of 56 years
2023-05-25 11:48:59,099 Read in set of 56 years
2023-05-25 11:48:59,100 Read in set of 56 years
2023-05-25 11:48:59,101 Read in set of 56 years
2023-05-25 11:48:59,101 Read in set of 56 years
2023-05-25 11:48:59,102 Read in set of 56 years
2023-05-25 11:48:59,103 Read in set of 56 years
2023-05-25 11:48:59,104 Read in set of 56 years
2023-05-25 11:48:59,104 Read in set of 56 years
2023-05-25 11:48:59,105 Read in set of 56 years
2023-05-25 11:48:59,106 Read in set of 56 years
2023-05-25 11:48:59,106 Read in set of 56 years
2023-05-25 11:48:59,107 Read in set of 56 years
2023-05-25 11:48:59,108 Read in set of 56 years
2023-05-25 11:48:59,109 Read in set of 56 years
2023-05-25 11:48:59,109 Read in set of 56 years
2023-05-25 11:48:59,110 Read in set of 56 years
2023-05-25 11:48:59,111 Read in set of 56 years
2023-05-25 11:48:59,112 Read in set of 56 years
2023-05-25 11:48:59,113 Read in set of 56 years
2023-05-25 11:48:59,114 Read in set of 56 years
2023-05-25 11:48:59,114 Read in set of 56 years
2023-05-25 11:48:59,115 Read in set of 56 years
2023-05-25 11:48:59,116 Read in set of 56 years
2023-05-25 11:48:59,117 Read in set of 56 years
2023-05-25 11:48:59,118 Read in set of 56 years
2023-05-25 11:48:59,118 Read in set of 56 years
2023-05-25 11:48:59,119 Read in set of 56 years
2023-05-25 11:48:59,120 Read in set of 56 years
2023-05-25 11:48:59,121 Read in set of 56 years
2023-05-25 11:48:59,122 Read in set of 56 years
2023-05-25 11:48:59,125 Read in set of 56 years
2023-05-25 11:48:59,126 Read in set of 56 years
2023-05-25 11:48:59,127 Read in set of 56 years
2023-05-25 11:48:59,128 Read in set of 56 years
2023-05-25 11:48:59,129 Read in set of 56 years
2023-05-25 11:48:59,130 Read in set of 56 years
2023-05-25 11:48:59,131 Read in set of 56 years
2023-05-25 11:48:59,132 Read in set of 56 years
2023-05-25 11:48:59,132 Read in set of 56 years
2023-05-25 11:48:59,133 Read in set of 56 years
2023-05-25 11:48:59,134 Read in set of 56 years
2023-05-25 11:48:59,135 Read in set of 56 years
2023-05-25 11:48:59,136 Read in set of 56 years
2023-05-25 11:48:59,137 Read in set of 56 years
2023-05-25 11:48:59,138 Read in set of 56 years
2023-05-25 11:48:59,139 Read in set of 56 years
2023-05-25 11:48:59,140 Read in set of 56 years
2023-05-25 11:48:59,141 Read in set of 56 years
2023-05-25 11:48:59,141 Read in set of 56 years
2023-05-25 11:48:59,142 Read in set of 56 years
2023-05-25 11:48:59,143 Read in set of 56 years
2023-05-25 11:48:59,144 Read in set of 56 years
2023-05-25 11:48:59,145 Read in set of 56 years
2023-05-25 11:48:59,145 Read in set of 56 years
2023-05-25 11:48:59,146 Read in set of 56 years
2023-05-25 11:48:59,147 Read in set of 56 years
2023-05-25 11:48:59,148 Read in set of 56 years
2023-05-25 11:48:59,149 Read in set of 56 years
2023-05-25 11:48:59,149 Read in set of 56 years
2023-05-25 11:48:59,150 Read in set of 56 years
2023-05-25 11:48:59,151 Read in set of 56 years
2023-05-25 11:48:59,152 Read in set of 56 years
2023-05-25 11:48:59,153 Read in set of 56 years
2023-05-25 11:48:59,153 Read in set of 56 years
2023-05-25 11:48:59,154 Read in set of 56 years
2023-05-25 11:48:59,155 Read in set of 56 years
2023-05-25 11:48:59,156 Read in set of 56 years
2023-05-25 11:48:59,156 Read in set of 56 years
2023-05-25 11:48:59,157 Read in set of 56 years
2023-05-25 11:49:01,884 Results data has 11 rows
2023-05-25 11:49:01,885 Dumping results to results/TEMBA_1.5.pickle
2023-05-25 11:59:32,956 Reading models results in Gurobi format from results/TEMBA_2.0.sol
2023-05-25 11:59:34,305 Read in set of 130 fuels
2023-05-25 11:59:34,306 Read in set of 452 techs
2023-05-25 11:59:34,307 Read in set of 0 storage
2023-05-25 11:59:34,308 Read in set of 24 emissions
2023-05-25 11:59:34,362 Read in set of 56 years
2023-05-25 11:59:34,363 Read in set of 56 years
2023-05-25 11:59:34,364 Read in set of 56 years
2023-05-25 11:59:34,364 Read in set of 56 years
2023-05-25 11:59:34,365 Read in set of 56 years
2023-05-25 11:59:34,366 Read in set of 56 years
2023-05-25 11:59:34,366 Read in set of 56 years
2023-05-25 11:59:34,367 Read in set of 56 years
2023-05-25 11:59:34,368 Read in set of 56 years
2023-05-25 11:59:34,368 Read in set of 56 years
2023-05-25 11:59:34,369 Read in set of 56 years
2023-05-25 11:59:34,370 Read in set of 56 years
2023-05-25 11:59:34,370 Read in set of 56 years
2023-05-25 11:59:34,371 Read in set of 56 years
2023-05-25 11:59:34,371 Read in set of 56 years
2023-05-25 11:59:34,372 Read in set of 56 years
2023-05-25 11:59:34,373 Read in set of 56 years
2023-05-25 11:59:34,373 Read in set of 56 years
2023-05-25 11:59:34,374 Read in set of 56 years
2023-05-25 11:59:34,375 Read in set of 56 years
2023-05-25 11:59:34,376 Read in set of 56 years
2023-05-25 11:59:34,377 Read in set of 56 years
2023-05-25 11:59:34,377 Read in set of 56 years
2023-05-25 11:59:34,378 Read in set of 56 years
2023-05-25 11:59:34,378 Read in set of 56 years
2023-05-25 11:59:34,379 Read in set of 56 years
2023-05-25 11:59:34,380 Read in set of 56 years
2023-05-25 11:59:34,380 Read in set of 56 years
2023-05-25 11:59:34,381 Read in set of 56 years
2023-05-25 11:59:34,382 Read in set of 56 years
2023-05-25 11:59:34,382 Read in set of 56 years
2023-05-25 11:59:34,383 Read in set of 56 years
2023-05-25 11:59:34,383 Read in set of 56 years
2023-05-25 11:59:34,384 Read in set of 56 years
2023-05-25 11:59:34,385 Read in set of 56 years
2023-05-25 11:59:34,385 Read in set of 56 years
2023-05-25 11:59:34,386 Read in set of 56 years
2023-05-25 11:59:34,386 Read in set of 56 years
2023-05-25 11:59:34,387 Read in set of 56 years
2023-05-25 11:59:34,388 Read in set of 56 years
2023-05-25 11:59:34,388 Read in set of 56 years
2023-05-25 11:59:34,389 Read in set of 56 years
2023-05-25 11:59:34,390 Read in set of 56 years
2023-05-25 11:59:34,390 Read in set of 56 years
2023-05-25 11:59:34,391 Read in set of 56 years
2023-05-25 11:59:34,391 Read in set of 56 years
2023-05-25 11:59:34,392 Read in set of 56 years
2023-05-25 11:59:34,392 Read in set of 56 years
2023-05-25 11:59:34,393 Read in set of 56 years
2023-05-25 11:59:34,394 Read in set of 56 years
2023-05-25 11:59:34,394 Read in set of 56 years
2023-05-25 11:59:34,395 Read in set of 56 years
2023-05-25 11:59:34,395 Read in set of 56 years
2023-05-25 11:59:34,396 Read in set of 56 years
2023-05-25 11:59:34,397 Read in set of 56 years
2023-05-25 11:59:34,397 Read in set of 56 years
2023-05-25 11:59:34,398 Read in set of 56 years
2023-05-25 11:59:34,398 Read in set of 56 years
2023-05-25 11:59:34,399 Read in set of 56 years
2023-05-25 11:59:34,399 Read in set of 56 years
2023-05-25 11:59:34,400 Read in set of 56 years
2023-05-25 11:59:34,401 Read in set of 56 years
2023-05-25 11:59:34,401 Read in set of 56 years
2023-05-25 11:59:34,402 Read in set of 56 years
2023-05-25 11:59:34,402 Read in set of 56 years
2023-05-25 11:59:34,403 Read in set of 56 years
2023-05-25 11:59:34,404 Read in set of 56 years
2023-05-25 11:59:34,404 Read in set of 56 years
2023-05-25 11:59:34,405 Read in set of 56 years
2023-05-25 11:59:34,405 Read in set of 56 years
2023-05-25 11:59:34,406 Read in set of 56 years
2023-05-25 11:59:34,406 Read in set of 56 years
2023-05-25 11:59:34,407 Read in set of 56 years
2023-05-25 11:59:34,408 Read in set of 56 years
2023-05-25 11:59:34,409 Read in set of 56 years
2023-05-25 11:59:34,409 Read in set of 56 years
2023-05-25 11:59:34,410 Read in set of 56 years
2023-05-25 11:59:34,410 Read in set of 56 years
2023-05-25 11:59:34,411 Read in set of 56 years
2023-05-25 11:59:34,412 Read in set of 56 years
2023-05-25 11:59:34,412 Read in set of 56 years
2023-05-25 11:59:34,413 Read in set of 56 years
2023-05-25 11:59:34,413 Read in set of 56 years
2023-05-25 11:59:34,414 Read in set of 56 years
2023-05-25 11:59:34,415 Read in set of 56 years
2023-05-25 11:59:34,415 Read in set of 56 years
2023-05-25 11:59:34,416 Read in set of 56 years
2023-05-25 11:59:34,417 Read in set of 56 years
2023-05-25 11:59:34,417 Read in set of 56 years
2023-05-25 11:59:34,418 Read in set of 56 years
2023-05-25 11:59:34,418 Read in set of 56 years
2023-05-25 11:59:34,419 Read in set of 56 years
2023-05-25 11:59:34,420 Read in set of 56 years
2023-05-25 11:59:34,420 Read in set of 56 years
2023-05-25 11:59:34,421 Read in set of 56 years
2023-05-25 11:59:34,422 Read in set of 56 years
2023-05-25 11:59:34,422 Read in set of 56 years
2023-05-25 11:59:34,423 Read in set of 56 years
2023-05-25 11:59:34,424 Read in set of 56 years
2023-05-25 11:59:34,424 Read in set of 56 years
2023-05-25 11:59:34,425 Read in set of 56 years
2023-05-25 11:59:34,425 Read in set of 56 years
2023-05-25 11:59:34,426 Read in set of 56 years
2023-05-25 11:59:34,427 Read in set of 56 years
2023-05-25 11:59:34,427 Read in set of 56 years
2023-05-25 11:59:34,428 Read in set of 56 years
2023-05-25 11:59:34,429 Read in set of 56 years
2023-05-25 11:59:34,429 Read in set of 56 years
2023-05-25 11:59:34,430 Read in set of 56 years
2023-05-25 11:59:34,431 Read in set of 56 years
2023-05-25 11:59:34,432 Read in set of 56 years
2023-05-25 11:59:34,432 Read in set of 56 years
2023-05-25 11:59:34,433 Read in set of 56 years
2023-05-25 11:59:34,434 Read in set of 56 years
2023-05-25 11:59:34,434 Read in set of 56 years
2023-05-25 11:59:34,435 Read in set of 56 years
2023-05-25 11:59:34,436 Read in set of 56 years
2023-05-25 11:59:34,437 Read in set of 56 years
2023-05-25 11:59:34,437 Read in set of 56 years
2023-05-25 11:59:34,438 Read in set of 56 years
2023-05-25 11:59:34,439 Read in set of 56 years
2023-05-25 11:59:34,439 Read in set of 56 years
2023-05-25 11:59:34,440 Read in set of 56 years
2023-05-25 11:59:34,441 Read in set of 56 years
2023-05-25 11:59:34,441 Read in set of 56 years
2023-05-25 11:59:34,442 Read in set of 56 years
2023-05-25 11:59:34,443 Read in set of 56 years
2023-05-25 11:59:34,444 Read in set of 56 years
2023-05-25 11:59:34,444 Read in set of 56 years
2023-05-25 11:59:34,445 Read in set of 56 years
2023-05-25 11:59:34,446 Read in set of 56 years
2023-05-25 11:59:34,447 Read in set of 56 years
2023-05-25 11:59:34,447 Read in set of 56 years
2023-05-25 11:59:34,448 Read in set of 56 years
2023-05-25 11:59:34,449 Read in set of 56 years
2023-05-25 11:59:34,450 Read in set of 56 years
2023-05-25 11:59:34,450 Read in set of 56 years
2023-05-25 11:59:34,451 Read in set of 56 years
2023-05-25 11:59:34,451 Read in set of 56 years
2023-05-25 11:59:34,452 Read in set of 56 years
2023-05-25 11:59:34,453 Read in set of 56 years
2023-05-25 11:59:34,453 Read in set of 56 years
2023-05-25 11:59:34,454 Read in set of 56 years
2023-05-25 11:59:34,455 Read in set of 56 years
2023-05-25 11:59:34,456 Read in set of 56 years
2023-05-25 11:59:34,457 Read in set of 56 years
2023-05-25 11:59:34,457 Read in set of 56 years
2023-05-25 11:59:34,458 Read in set of 56 years
2023-05-25 11:59:34,459 Read in set of 56 years
2023-05-25 11:59:34,459 Read in set of 56 years
2023-05-25 11:59:34,460 Read in set of 56 years
2023-05-25 11:59:34,461 Read in set of 56 years
2023-05-25 11:59:34,461 Read in set of 56 years
2023-05-25 11:59:34,462 Read in set of 56 years
2023-05-25 11:59:34,463 Read in set of 56 years
2023-05-25 11:59:34,464 Read in set of 56 years
2023-05-25 11:59:34,464 Read in set of 56 years
2023-05-25 11:59:34,465 Read in set of 56 years
2023-05-25 11:59:34,466 Read in set of 56 years
2023-05-25 11:59:34,467 Read in set of 56 years
2023-05-25 11:59:34,467 Read in set of 56 years
2023-05-25 11:59:34,468 Read in set of 56 years
2023-05-25 11:59:34,469 Read in set of 56 years
2023-05-25 11:59:34,470 Read in set of 56 years
2023-05-25 11:59:34,470 Read in set of 56 years
2023-05-25 11:59:34,471 Read in set of 56 years
2023-05-25 11:59:34,472 Read in set of 56 years
2023-05-25 11:59:34,473 Read in set of 56 years
2023-05-25 11:59:34,473 Read in set of 56 years
2023-05-25 11:59:34,474 Read in set of 56 years
2023-05-25 11:59:34,475 Read in set of 56 years
2023-05-25 11:59:34,476 Read in set of 56 years
2023-05-25 11:59:34,476 Read in set of 56 years
2023-05-25 11:59:34,477 Read in set of 56 years
2023-05-25 11:59:34,478 Read in set of 56 years
2023-05-25 11:59:34,478 Read in set of 56 years
2023-05-25 11:59:34,479 Read in set of 56 years
2023-05-25 11:59:34,480 Read in set of 56 years
2023-05-25 11:59:34,481 Read in set of 56 years
2023-05-25 11:59:34,481 Read in set of 56 years
2023-05-25 11:59:34,482 Read in set of 56 years
2023-05-25 11:59:34,483 Read in set of 56 years
2023-05-25 11:59:34,484 Read in set of 56 years
2023-05-25 11:59:34,484 Read in set of 56 years
2023-05-25 11:59:34,485 Read in set of 56 years
2023-05-25 11:59:34,486 Read in set of 56 years
2023-05-25 11:59:34,486 Read in set of 56 years
2023-05-25 11:59:34,487 Read in set of 56 years
2023-05-25 11:59:34,488 Read in set of 56 years
2023-05-25 11:59:34,489 Read in set of 56 years
2023-05-25 11:59:34,489 Read in set of 56 years
2023-05-25 11:59:34,490 Read in set of 56 years
2023-05-25 11:59:34,491 Read in set of 56 years
2023-05-25 11:59:34,491 Read in set of 56 years
2023-05-25 11:59:34,492 Read in set of 56 years
2023-05-25 11:59:34,493 Read in set of 56 years
2023-05-25 11:59:34,494 Read in set of 56 years
2023-05-25 11:59:34,494 Read in set of 56 years
2023-05-25 11:59:34,495 Read in set of 56 years
2023-05-25 11:59:34,496 Read in set of 56 years
2023-05-25 11:59:34,496 Read in set of 56 years
2023-05-25 11:59:34,497 Read in set of 56 years
2023-05-25 11:59:34,498 Read in set of 56 years
2023-05-25 11:59:34,499 Read in set of 56 years
2023-05-25 11:59:34,500 Read in set of 56 years
2023-05-25 11:59:34,500 Read in set of 56 years
2023-05-25 11:59:34,501 Read in set of 56 years
2023-05-25 11:59:34,502 Read in set of 56 years
2023-05-25 11:59:34,503 Read in set of 56 years
2023-05-25 11:59:34,504 Read in set of 56 years
2023-05-25 11:59:34,504 Read in set of 56 years
2023-05-25 11:59:34,505 Read in set of 56 years
2023-05-25 11:59:34,506 Read in set of 56 years
2023-05-25 11:59:34,507 Read in set of 56 years
2023-05-25 11:59:34,508 Read in set of 56 years
2023-05-25 11:59:34,508 Read in set of 56 years
2023-05-25 11:59:34,509 Read in set of 56 years
2023-05-25 11:59:34,510 Read in set of 56 years
2023-05-25 11:59:34,511 Read in set of 56 years
2023-05-25 11:59:34,511 Read in set of 56 years
2023-05-25 11:59:34,512 Read in set of 56 years
2023-05-25 11:59:34,513 Read in set of 56 years
2023-05-25 11:59:34,514 Read in set of 56 years
2023-05-25 11:59:34,515 Read in set of 56 years
2023-05-25 11:59:34,515 Read in set of 56 years
2023-05-25 11:59:34,516 Read in set of 56 years
2023-05-25 11:59:34,517 Read in set of 56 years
2023-05-25 11:59:34,518 Read in set of 56 years
2023-05-25 11:59:34,519 Read in set of 56 years
2023-05-25 11:59:34,519 Read in set of 56 years
2023-05-25 11:59:34,520 Read in set of 56 years
2023-05-25 11:59:34,521 Read in set of 56 years
2023-05-25 11:59:34,522 Read in set of 56 years
2023-05-25 11:59:34,523 Read in set of 56 years
2023-05-25 11:59:34,523 Read in set of 56 years
2023-05-25 11:59:34,524 Read in set of 56 years
2023-05-25 11:59:34,525 Read in set of 56 years
2023-05-25 11:59:34,525 Read in set of 56 years
2023-05-25 11:59:34,526 Read in set of 56 years
2023-05-25 11:59:34,527 Read in set of 56 years
2023-05-25 11:59:34,528 Read in set of 56 years
2023-05-25 11:59:34,529 Read in set of 56 years
2023-05-25 11:59:34,529 Read in set of 56 years
2023-05-25 11:59:34,530 Read in set of 56 years
2023-05-25 11:59:34,531 Read in set of 56 years
2023-05-25 11:59:34,532 Read in set of 56 years
2023-05-25 11:59:34,533 Read in set of 56 years
2023-05-25 11:59:34,533 Read in set of 56 years
2023-05-25 11:59:34,534 Read in set of 56 years
2023-05-25 11:59:34,535 Read in set of 56 years
2023-05-25 11:59:34,536 Read in set of 56 years
2023-05-25 11:59:34,536 Read in set of 56 years
2023-05-25 11:59:34,537 Read in set of 56 years
2023-05-25 11:59:34,538 Read in set of 56 years
2023-05-25 11:59:34,539 Read in set of 56 years
2023-05-25 11:59:34,540 Read in set of 56 years
2023-05-25 11:59:34,540 Read in set of 56 years
2023-05-25 11:59:36,434 Results data has 11 rows
2023-05-25 11:59:36,434 Dumping results to results/TEMBA_2.0.pickle
